#
# A fatal error has been detected by the Java Runtime Environment:
#
#  EXCEPTION_ACCESS_VIOLATION (0xc0000005) at pc=0x000000005768583a, pid=6964, tid=3692
#
# JRE version: Java(TM) SE Runtime Environment (8.0_60-b27) (build 1.8.0_60-b27)
# Java VM: Java HotSpot(TM) 64-Bit Server VM (25.60-b23 mixed mode windows-amd64 compressed oops)
# Problematic frame:
# C  [glass.dll+0x2583a]
#
# Failed to write core dump. Minidumps are not enabled by default on client versions of Windows
#
# If you would like to submit a bug report, please visit:
#   http://bugreport.java.com/bugreport/crash.jsp
#

---------------  T H R E A D  ---------------

Current thread (0x0000000017609000):  VMThread [stack: 0x00000000192e0000,0x00000000193e0000] [id=3692]

siginfo: ExceptionCode=0xc0000005, reading address 0x0000000000000000

Registers:
RAX=0x0000000000000000, RBX=0x000000001a391d20, RCX=0x0000000017609000, RDX=0x000000001a391d20
RSP=0x00000000193df4a0, RBP=0x0000000000bb85a0, RSI=0x0000000000000001, RDI=0x0000000000000000
R8 =0x0000000000010002, R9 =0x0000000000bb85a0, R10=0x0000000000000000, R11=0x0000000000000286
R12=0x0000000000bb85d0, R13=0x0000000000bb85a0, R14=0x0000000000bb85b0, R15=0x0000000000000000
RIP=0x000000005768583a, EFLAGS=0x0000000000010202

Top of Stack: (sp=0x00000000193df4a0)
0x00000000193df4a0:   0000000000000000 00000000576858f0
0x00000000193df4b0:   0000000000000000 0000000000000000
0x00000000193df4c0:   0000000057685820 0000000057683214
0x00000000193df4d0:   0000000057b1f3b8 0000000022e37b13
0x00000000193df4e0:   0000000000bb85a0 00007ffafcc42d6b
0x00000000193df4f0:   0000000057683374 0000000057660000
0x00000000193df500:   0000000000d51628 0000000057683496
0x00000000193df510:   0000000000000001 0000000017495400
0x00000000193df520:   0000000000000000 0000000000000000
0x00000000193df530:   c000000500000001 00000000193de640
0x00000000193df540:   0000000000000001 00007ffaffd0c334
0x00000000193df550:   0000000000000000 0000000057683374
0x00000000193df560:   0000000057660000 00007ffaffd0d44f
0x00000000193df570:   00000a79bcee19c9 0000000000bc68a0
0x00000000193df580:   00007ffafbbe1900 00007ffaffe20d10
0x00000000193df590:   00007ffaffe20d10 00007ff605d06000 

Instructions: (pc=0x000000005768583a)
0x000000005768581a:   83 c4 20 5d c3 cc 40 53 48 83 ec 20 48 8b 1d db
0x000000005768582a:   5b 01 00 48 85 db 74 1a e8 29 93 ff ff 48 8b d3
0x000000005768583a:   4c 8b 00 48 8b c8 48 83 c4 20 5b 49 ff a0 b0 00
0x000000005768584a:   00 00 48 83 c4 20 5b c3 cc cc cc cc cc cc cc cc 


Register to memory mapping:

RAX=0x0000000000000000 is an unknown value
RBX=0x000000001a391d20 is a global jni handle
RCX=0x0000000017609000 is an unknown value
RDX=0x000000001a391d20 is a global jni handle
RSP=0x00000000193df4a0 is an unknown value
RBP=0x0000000000bb85a0 is an unknown value
RSI=0x0000000000000001 is an unknown value
RDI=0x0000000000000000 is an unknown value
R8 =0x0000000000010002 is an unknown value
R9 =0x0000000000bb85a0 is an unknown value
R10=0x0000000000000000 is an unknown value
R11=0x0000000000000286 is an unknown value
R12=0x0000000000bb85d0 is an unknown value
R13=0x0000000000bb85a0 is an unknown value
R14=0x0000000000bb85b0 is an unknown value
R15=0x0000000000000000 is an unknown value


Stack: [0x00000000192e0000,0x00000000193e0000],  sp=0x00000000193df4a0,  free space=1021k
Native frames: (J=compiled Java code, j=interpreted, Vv=VM code, C=native code)
C  [glass.dll+0x2583a]
C  [glass.dll+0x23214]
C  [glass.dll+0x23496]
C  [ntdll.dll+0x1c334]
C  [ntdll.dll+0x1b742]
C  [ntdll.dll+0x18448]
C  [KERNEL32.DLL+0x516a]
C  [msvcr100.dll+0x20ccd]
V  [jvm.dll+0x210a25]
V  [jvm.dll+0x249747]
V  [jvm.dll+0x2489e6]
V  [jvm.dll+0x248e81]
V  [jvm.dll+0x24909e]
V  [jvm.dll+0x299f6a]
C  [msvcr100.dll+0x21d9f]
C  [msvcr100.dll+0x21e3b]
C  [KERNEL32.DLL+0x13d2]
C  [ntdll.dll+0x15454]

VM_Operation (0x000000001b07b2e0): Exit, mode: safepoint, requested by thread 0x000000001a397000


---------------  P R O C E S S  ---------------

Java Threads: ( => current thread )
  0x000000001a57f800 JavaThread "Prism Font Disposer" daemon [_thread_blocked, id=1188, stack(0x000000001e590000,0x000000001e690000)]
  0x000000001a3eb800 JavaThread "JavaFX-Launcher" [_thread_blocked, id=7232, stack(0x000000001ca20000,0x000000001cb20000)]
  0x000000001a362800 JavaThread "Thread-2" daemon [_thread_in_native, id=1312, stack(0x000000001c820000,0x000000001c920000)]
  0x000000001a397000 JavaThread "JavaFX Application Thread" [_thread_blocked, id=1008, stack(0x000000001af80000,0x000000001b080000)]
  0x000000001a396800 JavaThread "Thread-1" daemon [_thread_blocked, id=4964, stack(0x000000001ae80000,0x000000001af80000)]
  0x000000001a348000 JavaThread "QuantumRenderer-0" daemon [_thread_blocked, id=5340, stack(0x000000001aaf0000,0x000000001abf0000)]
  0x00000000197b8800 JavaThread "Service Thread" daemon [_thread_blocked, id=5404, stack(0x000000001a0f0000,0x000000001a1f0000)]
  0x000000001972d800 JavaThread "C1 CompilerThread3" daemon [_thread_blocked, id=7204, stack(0x0000000019ff0000,0x000000001a0f0000)]
  0x000000001972a800 JavaThread "C2 CompilerThread2" daemon [_thread_blocked, id=6696, stack(0x0000000019ef0000,0x0000000019ff0000)]
  0x0000000019724800 JavaThread "C2 CompilerThread1" daemon [_thread_blocked, id=2668, stack(0x0000000019df0000,0x0000000019ef0000)]
  0x0000000019718000 JavaThread "C2 CompilerThread0" daemon [_thread_blocked, id=2400, stack(0x0000000019cf0000,0x0000000019df0000)]
  0x0000000019716000 JavaThread "Attach Listener" daemon [_thread_blocked, id=1272, stack(0x0000000019bf0000,0x0000000019cf0000)]
  0x0000000019715000 JavaThread "Signal Dispatcher" daemon [_thread_blocked, id=5012, stack(0x0000000019af0000,0x0000000019bf0000)]
  0x00000000026fa000 JavaThread "Finalizer" daemon [_thread_blocked, id=7160, stack(0x00000000194e0000,0x00000000195e0000)]
  0x000000001760d000 JavaThread "Reference Handler" daemon [_thread_blocked, id=4060, stack(0x00000000193e0000,0x00000000194e0000)]
  0x0000000000d5e000 JavaThread "main" [_thread_blocked, id=7384, stack(0x0000000002490000,0x0000000002590000)]

Other Threads:
=>0x0000000017609000 VMThread [stack: 0x00000000192e0000,0x00000000193e0000] [id=3692]

VM state:at safepoint (shutting down)

VM Mutex/Monitor currently owned by a thread:  ([mutex/lock_event])
[0x0000000000d5d4f0] Threads_lock - owner thread: 0x0000000017609000

Heap:
 PSYoungGen      total 37888K, used 26185K [0x00000000d6180000, 0x00000000d8b80000, 0x0000000100000000)
  eden space 32768K, 79% used [0x00000000d6180000,0x00000000d7b12490,0x00000000d8180000)
  from space 5120K, 0% used [0x00000000d8680000,0x00000000d8680000,0x00000000d8b80000)
  to   space 5120K, 0% used [0x00000000d8180000,0x00000000d8180000,0x00000000d8680000)
 ParOldGen       total 86016K, used 0K [0x0000000082400000, 0x0000000087800000, 0x00000000d6180000)
  object space 86016K, 0% used [0x0000000082400000,0x0000000082400000,0x0000000087800000)
 Metaspace       used 11744K, capacity 12312K, committed 12672K, reserved 1060864K
  class space    used 1659K, capacity 1815K, committed 1920K, reserved 1048576K

Card table byte_map: [0x0000000011ac0000,0x0000000011eb0000] byte_map_base: 0x00000000116ae000

Marking Bits: (ParMarkBitMap*) 0x000000005839a5b0
 Begin Bits: [0x0000000012950000, 0x00000000148c0000)
 End Bits:   [0x00000000148c0000, 0x0000000016830000)

Polling page: 0x0000000000b70000

CodeCache: size=245760Kb used=3162Kb max_used=3162Kb free=242597Kb
 bounds [0x0000000002700000, 0x0000000002a20000, 0x0000000011700000]
 total_blobs=1397 nmethods=796 adapters=514
 compilation: enabled

Compilation events (10 events):
Event: 4.682 Thread 0x000000001972d800  793       1       javafx.scene.input.KeyCode::impl_getCode (5 bytes)
Event: 4.682 Thread 0x000000001972d800 nmethod 793 0x0000000002a10b10 code [0x0000000002a10c60, 0x0000000002a10d70]
Event: 4.682 Thread 0x000000001972d800  794       3       java.lang.Integer::hashCode (8 bytes)
Event: 4.683 Thread 0x000000001972d800 nmethod 794 0x0000000002a15fd0 code [0x0000000002a16120, 0x0000000002a162d0]
Event: 4.683 Thread 0x000000001972d800  791       3       jdk.internal.org.objectweb.asm.ClassWriter::newFieldItem (77 bytes)
Event: 4.684 Thread 0x000000001972d800 nmethod 791 0x0000000002a169d0 code [0x0000000002a16bc0, 0x0000000002a171b8]
Event: 4.684 Thread 0x000000001972d800  795       3       java.lang.Integer::hashCode (2 bytes)
Event: 4.684 Thread 0x000000001972d800 nmethod 795 0x0000000002a175d0 code [0x0000000002a17720, 0x0000000002a17850]
Event: 4.756 Thread 0x000000001972d800  796       3       sun.invoke.util.VerifyAccess::isTypeVisible (49 bytes)
Event: 4.757 Thread 0x000000001972d800 nmethod 796 0x0000000002a17d90 code [0x0000000002a17f20, 0x0000000002a18468]

GC Heap History (0 events):
No events

Deoptimization events (10 events):
Event: 2.370 Thread 0x000000001a397000 Uncommon trap: reason=unstable_if action=reinterpret pc=0x000000000293d914 method=java.util.HashMap.hash(Ljava/lang/Object;)I @ 1
Event: 2.463 Thread 0x000000001a397000 Uncommon trap: reason=unstable_if action=reinterpret pc=0x000000000298efa8 method=sun.net.www.ParseUtil.encodePath(Ljava/lang/String;Z)Ljava/lang/String; @ 109
Event: 2.588 Thread 0x000000001a397000 Uncommon trap: reason=class_check action=maybe_recompile pc=0x0000000002930120 method=java.io.DataInputStream.readShort()S @ 4
Event: 2.589 Thread 0x000000001a397000 Uncommon trap: reason=class_check action=maybe_recompile pc=0x0000000002930120 method=java.io.DataInputStream.readShort()S @ 4
Event: 2.592 Thread 0x000000001a397000 Uncommon trap: reason=class_check action=maybe_recompile pc=0x0000000002930120 method=java.io.DataInputStream.readShort()S @ 4
Event: 2.592 Thread 0x000000001a397000 Uncommon trap: reason=class_check action=maybe_recompile pc=0x0000000002930120 method=java.io.DataInputStream.readShort()S @ 4
Event: 2.611 Thread 0x000000001a397000 Uncommon trap: reason=class_check action=maybe_recompile pc=0x000000000281ec30 method=java.lang.String.equals(Ljava/lang/Object;)Z @ 8
Event: 2.612 Thread 0x000000001a397000 Uncommon trap: reason=class_check action=maybe_recompile pc=0x000000000281ec30 method=java.lang.String.equals(Ljava/lang/Object;)Z @ 8
Event: 2.612 Thread 0x000000001a397000 Uncommon trap: reason=class_check action=maybe_recompile pc=0x000000000281ec30 method=java.lang.String.equals(Ljava/lang/Object;)Z @ 8
Event: 2.722 Thread 0x000000001a397000 Uncommon trap: reason=class_check action=maybe_recompile pc=0x000000000281ec30 method=java.lang.String.equals(Ljava/lang/Object;)Z @ 8

Internal exceptions (10 events):
Event: 0.379 Thread 0x0000000000d5e000 Exception <a 'java/security/PrivilegedActionException'> (0x00000000d64d5e18) thrown at [C:\re\workspace\8-2-build-windows-amd64-cygwin\jdk8u60\4407\hotspot\src\share\vm\prims\jvm.cpp, line 1386]
Event: 0.379 Thread 0x0000000000d5e000 Exception <a 'java/security/PrivilegedActionException'> (0x00000000d64d6028) thrown at [C:\re\workspace\8-2-build-windows-amd64-cygwin\jdk8u60\4407\hotspot\src\share\vm\prims\jvm.cpp, line 1386]
Event: 0.381 Thread 0x0000000000d5e000 Exception <a 'java/security/PrivilegedActionException'> (0x00000000d64d9bd0) thrown at [C:\re\workspace\8-2-build-windows-amd64-cygwin\jdk8u60\4407\hotspot\src\share\vm\prims\jvm.cpp, line 1386]
Event: 0.381 Thread 0x0000000000d5e000 Exception <a 'java/security/PrivilegedActionException'> (0x00000000d64d9de0) thrown at [C:\re\workspace\8-2-build-windows-amd64-cygwin\jdk8u60\4407\hotspot\src\share\vm\prims\jvm.cpp, line 1386]
Event: 0.382 Thread 0x0000000000d5e000 Exception <a 'java/lang/NullPointerException'> (0x00000000d64da3b8) thrown at [C:\re\workspace\8-2-build-windows-amd64-cygwin\jdk8u60\4407\hotspot\src\share\vm\interpreter\linkResolver.cpp, line 1178]
Event: 1.992 Thread 0x000000001a397000 Exception <a 'java/net/ConnectException': Connection refused: connect> (0x00000000d6cd79c8) thrown at [C:\re\workspace\8-2-build-windows-amd64-cygwin\jdk8u60\4407\hotspot\src\share\vm\prims\jni.cpp, line 735]
Event: 2.078 Thread 0x000000001a397000 Exception <a 'java/lang/NullPointerException'> (0x00000000d6df44a8) thrown at [C:\re\workspace\8-2-build-windows-amd64-cygwin\jdk8u60\4407\hotspot\src\share\vm\interpreter\linkResolver.cpp, line 1178]
Event: 2.078 Thread 0x000000001a397000 Exception <a 'java/lang/NullPointerException'> (0x00000000d6df44a8) thrown at [C:\re\workspace\8-2-build-windows-amd64-cygwin\jdk8u60\4407\hotspot\src\share\vm\prims\jvm.cpp, line 1390]
Event: 2.370 Thread 0x000000001a397000 Implicit null exception at 0x000000000293d735 to 0x000000000293d905
Event: 4.762 Thread 0x000000001a738800 Exception <a 'java/lang/IllegalStateException'> (0x00000000d7a74be8) thrown at [C:\re\workspace\8-2-build-windows-amd64-cygwin\jdk8u60\4407\hotspot\src\share\vm\prims\jvm.cpp, line 1390]

Events (10 events):
Event: 4.760 loading class java/util/HashMap$KeySet
Event: 4.761 loading class java/util/HashMap$KeySet done
Event: 4.761 loading class java/util/HashMap$KeyIterator
Event: 4.761 loading class java/util/HashMap$KeyIterator done
Event: 4.761 loading class com/sun/javafx/tk/quantum/QuantumToolkit
Event: 4.761 loading class com/sun/javafx/tk/quantum/QuantumToolkit done
Event: 4.761 loading class com/sun/prism/ResourceFactoryListener
Event: 4.761 loading class com/sun/prism/ResourceFactoryListener done
Event: 4.762 Thread 0x000000001a738800 Thread exited: 0x000000001a738800
Event: 4.762 Executing VM operation: Exit


Dynamic libraries:
0x00007ff606280000 - 0x00007ff6062b7000 	C:\Program Files\Java\jre1.8.0_60\bin\javaw.exe
0x00007ffaffcf0000 - 0x00007ffaffe9c000 	C:\WINDOWS\SYSTEM32\ntdll.dll
0x00007ffafd4c0000 - 0x00007ffafd5fe000 	C:\WINDOWS\system32\KERNEL32.DLL
0x00007ffafd070000 - 0x00007ffafd185000 	C:\WINDOWS\system32\KERNELBASE.dll
0x00007ffafb9e0000 - 0x00007ffafba6e000 	C:\WINDOWS\system32\apphelp.dll
0x00007ffaea920000 - 0x00007ffaea973000 	C:\WINDOWS\AppPatch\AppPatch64\AcGenral.DLL
0x00007ffaff800000 - 0x00007ffaff8aa000 	C:\WINDOWS\system32\msvcrt.dll
0x00007ffafca90000 - 0x00007ffafcabe000 	C:\WINDOWS\SYSTEM32\SspiCli.dll
0x00007ffaff060000 - 0x00007ffaff0b4000 	C:\WINDOWS\system32\SHLWAPI.dll
0x00007ffafd600000 - 0x00007ffafd777000 	C:\WINDOWS\system32\USER32.dll
0x00007ffaffa90000 - 0x00007ffaffc24000 	C:\WINDOWS\system32\ole32.dll
0x00007ffafd8d0000 - 0x00007ffafedfb000 	C:\WINDOWS\system32\SHELL32.dll
0x00007ffafc3e0000 - 0x00007ffafc401000 	C:\WINDOWS\SYSTEM32\USERENV.dll
0x00007ffafee00000 - 0x00007ffafeeaa000 	C:\WINDOWS\system32\ADVAPI32.dll
0x00007ffafa270000 - 0x00007ffafa28e000 	C:\WINDOWS\SYSTEM32\MPR.dll
0x00007ffafd370000 - 0x00007ffafd4b1000 	C:\WINDOWS\system32\RPCRT4.dll
0x00007ffaff720000 - 0x00007ffaff779000 	C:\WINDOWS\SYSTEM32\sechost.dll
0x00007ffaff470000 - 0x00007ffaff681000 	C:\WINDOWS\SYSTEM32\combase.dll
0x00007ffafd780000 - 0x00007ffafd8cf000 	C:\WINDOWS\system32\GDI32.dll
0x00007ffafce40000 - 0x00007ffafce55000 	C:\WINDOWS\SYSTEM32\profapi.dll
0x00007ffafb670000 - 0x00007ffafb722000 	C:\WINDOWS\SYSTEM32\SHCORE.dll
0x00007ffaff310000 - 0x00007ffaff346000 	C:\WINDOWS\system32\IMM32.DLL
0x00007ffaff190000 - 0x00007ffaff2e2000 	C:\WINDOWS\system32\MSCTF.dll
0x00007ffafaf30000 - 0x00007ffafb1ab000 	C:\WINDOWS\WinSxS\amd64_microsoft.windows.common-controls_6595b64144ccf1df_6.0.9600.18006_none_623f33d3ecbe86e8\COMCTL32.dll
0x00000000576e0000 - 0x00000000577b2000 	C:\Program Files\Java\jre1.8.0_60\bin\msvcr100.dll
0x0000000057b90000 - 0x0000000058419000 	C:\Program Files\Java\jre1.8.0_60\bin\server\jvm.dll
0x00007ffaf3690000 - 0x00007ffaf3699000 	C:\WINDOWS\SYSTEM32\WSOCK32.dll
0x00007ffaf9f70000 - 0x00007ffaf9f92000 	C:\WINDOWS\SYSTEM32\WINMM.dll
0x00007ffafa910000 - 0x00007ffafa91a000 	C:\WINDOWS\SYSTEM32\VERSION.dll
0x00007ffaff710000 - 0x00007ffaff717000 	C:\WINDOWS\system32\PSAPI.DLL
0x00007ffaff790000 - 0x00007ffaff7ea000 	C:\WINDOWS\system32\WS2_32.dll
0x00007ffaf9ea0000 - 0x00007ffaf9eca000 	C:\WINDOWS\SYSTEM32\WINMMBASE.dll
0x00007ffaff7f0000 - 0x00007ffaff7f9000 	C:\WINDOWS\system32\NSI.dll
0x00007ffafd020000 - 0x00007ffafd06f000 	C:\WINDOWS\SYSTEM32\cfgmgr32.dll
0x00007ffafbc40000 - 0x00007ffafbc68000 	C:\WINDOWS\SYSTEM32\DEVOBJ.dll
0x0000000057b80000 - 0x0000000057b8f000 	C:\Program Files\Java\jre1.8.0_60\bin\verify.dll
0x0000000057b50000 - 0x0000000057b79000 	C:\Program Files\Java\jre1.8.0_60\bin\java.dll
0x0000000057b30000 - 0x0000000057b46000 	C:\Program Files\Java\jre1.8.0_60\bin\zip.dll
0x00007ffaea830000 - 0x00007ffaea91f000 	C:\Program Files\Java\jre1.8.0_60\bin\msvcr120.dll
0x00007ffaea780000 - 0x00007ffaea826000 	C:\Program Files\Java\jre1.8.0_60\bin\msvcp120.dll
0x00000000576b0000 - 0x00000000576d3000 	C:\Program Files\Java\jre1.8.0_60\bin\prism_d3d.dll
0x00007ffaf2570000 - 0x00007ffaf2791000 	C:\WINDOWS\system32\d3d9.dll
0x00007ffafb470000 - 0x00007ffafb491000 	C:\WINDOWS\SYSTEM32\dwmapi.dll
0x00007ffafbab0000 - 0x00007ffafbbd9000 	C:\WINDOWS\system32\uxtheme.dll
0x00007ffafa960000 - 0x00007ffafaa77000 	C:\WINDOWS\SYSTEM32\nvumdshimx.dll
0x00007ffaff8b0000 - 0x00007ffaffa8a000 	C:\WINDOWS\system32\SETUPAPI.dll
0x00007ffafa380000 - 0x00007ffafa3b1000 	C:\WINDOWS\system32\nvinitx.dll
0x0000000000d40000 - 0x0000000000d46000 	C:\Program Files\NVIDIA Corporation\CoProcManager\_etoured.dll
0x00007ffafa2c0000 - 0x00007ffafa2f2000 	C:\Program Files\NVIDIA Corporation\CoProcManager\nvd3d9wrapx.dll
0x00007ffafa290000 - 0x00007ffafa2b2000 	C:\Program Files\NVIDIA Corporation\CoProcManager\nvdxgiwrapx.dll
0x00007ffafcf10000 - 0x00007ffafcf61000 	C:\WINDOWS\system32\WINTRUST.dll
0x00007ffafd190000 - 0x00007ffafd36f000 	C:\WINDOWS\system32\CRYPT32.dll
0x00007ffafcef0000 - 0x00007ffafcf01000 	C:\WINDOWS\system32\MSASN1.dll
0x00007ffad9dd0000 - 0x00007ffada7f9000 	C:\WINDOWS\system32\igdumdim64.dll
0x00007ffaf7430000 - 0x00007ffaf787a000 	C:\WINDOWS\SYSTEM32\igdusc64.dll
0x0000000057660000 - 0x00000000576a3000 	C:\Program Files\Java\jre1.8.0_60\bin\glass.dll
0x00007ffaffc30000 - 0x00007ffaffce6000 	C:\WINDOWS\system32\COMDLG32.dll
0x00007ffaff0c0000 - 0x00007ffaff181000 	C:\WINDOWS\system32\OLEAUT32.dll
0x00007ffafbbe0000 - 0x00007ffafbbeb000 	C:\WINDOWS\SYSTEM32\kernel.appcore.dll
0x00007ffafccb0000 - 0x00007ffafccbb000 	C:\WINDOWS\SYSTEM32\CRYPTBASE.dll
0x00007ffafcc40000 - 0x00007ffafcca3000 	C:\WINDOWS\SYSTEM32\bcryptPrimitives.dll
0x0000000057b10000 - 0x0000000057b2a000 	C:\Program Files\Java\jre1.8.0_60\bin\net.dll
0x00007ffafc650000 - 0x00007ffafc6a9000 	C:\WINDOWS\system32\mswsock.dll
0x00007ffafc450000 - 0x00007ffafc4f4000 	C:\WINDOWS\SYSTEM32\DNSAPI.dll
0x00007ffaf22b0000 - 0x00007ffaf22ba000 	C:\Windows\System32\rasadhlp.dll
0x00007ffaf62e0000 - 0x00007ffaf634b000 	C:\WINDOWS\System32\fwpuclnt.dll
0x0000000057640000 - 0x0000000057654000 	C:\Program Files\Java\jre1.8.0_60\bin\javafx_font.dll
0x00007ffaf88b0000 - 0x00007ffaf8a9c000 	C:\WINDOWS\SYSTEM32\dwrite.dll
0x00007ffaff3b0000 - 0x00007ffaff466000 	C:\WINDOWS\SYSTEM32\clbcatq.dll
0x00007ffaee860000 - 0x00007ffaeea0e000 	C:\WINDOWS\SYSTEM32\WindowsCodecs.dll
0x00007ffafc6b0000 - 0x00007ffafc6d0000 	C:\WINDOWS\SYSTEM32\CRYPTSP.dll
0x00007ffafc2d0000 - 0x00007ffafc306000 	C:\WINDOWS\system32\rsaenh.dll
0x00007ffafc970000 - 0x00007ffafc996000 	C:\WINDOWS\SYSTEM32\bcrypt.dll
0x00007ffaed120000 - 0x00007ffaed14e000 	C:\Program Files\Common Files\Microsoft Shared\Ink\rtscom.dll
0x0000000057620000 - 0x0000000057631000 	C:\Program Files\Java\jre1.8.0_60\bin\prism_common.dll
0x00007ffaf9740000 - 0x00007ffaf98c9000 	C:\WINDOWS\SYSTEM32\dbghelp.dll

VM Arguments:
jvm_args: -Dfile.encoding=Cp1252 
java_command: application.ClientGUI
java_class_path (initial): C:\Users\Pyornez\Documents\Korropol\auftragsmanagement\Auftragsmanagement_Client\bin;C:\Users\Pyornez\Documents\Korropol\auftragsmanagement\Auftragsmanagement_Client\libs\commons-lang3-3.4.jar;C:\Users\Pyornez\.eclipse\org.eclipse.platform_4.5.0_248562372_win32_win32_x86_64\plugins\org.eclipse.fx.ide.css.jfx8_2.1.0.201508240705.jar
Launcher Type: SUN_STANDARD

Environment Variables:
JAVA_HOME=C:\Program Files\Java\jdk1.8.0_60\bin
CLASSPATH=C:\Program Files\OpenNI\Bin64\org.OpenNI.jar
PATH=C:/Program Files/Java/jre1.8.0_60/bin/server;C:/Program Files/Java/jre1.8.0_60/bin;C:/Program Files/Java/jre1.8.0_60/lib/amd64;C:\ProgramData\Oracle\Java\javapath;C:\Python27\;C:\Python27\Scripts;C:\Program Files (x86)\Intel\iCLS Client\;C:\Program Files\Intel\iCLS Client\;C:\WINDOWS\system32;C:\WINDOWS;C:\WINDOWS\System32\Wbem;C:\WINDOWS\System32\WindowsPowerShell\v1.0\;C:\Program Files\Intel\Intel(R) Management Engine Components\DAL;C:\Program Files\Intel\Intel(R) Management Engine Components\IPT;C:\Program Files (x86)\Intel\Intel(R) Management Engine Components\DAL;C:\Program Files (x86)\Intel\Intel(R) Management Engine Components\IPT;C:\Program Files (x86)\Windows Live\Shared;C:\Program Files\Intel\WiFi\bin\;C:\Program Files\Common Files\Intel\WirelessCommon\;C:\Program Files\MiKTeX 2.9\miktex\bin\x64\;C:\Program Files\TortoiseSVN\bin;C:\Program Files\Java\jdk1.7.0_45\bin;C:\Program Files (x86)\Windows Kits\8.1\Windows Performance Toolkit\;C:\Program Files\Microsoft SQL Server\110\Tools\Binn\;C:\Program Files (x86)\Microsoft SDKs\TypeScript\1.0\;C:\Program Files\Microsoft SQL Server\120\Tools\Binn\;C:\Program Files\OpenNI\Bin64;C:\Program Files (x86)\NVIDIA Corporation\PhysX\Common;C:\Program Files (x86)\Skype\Phone\;%GSTREAMER_1_0_ROOT_X86%\bin;C:\OpenCV\opencv\build\x86\vc12\bin;C:\Program Files\Java\jdk1.8.0_60\bin;C:\Program Files (x86)\eclipse;
USERNAME=Pyornez
OS=Windows_NT
PROCESSOR_IDENTIFIER=Intel64 Family 6 Model 58 Stepping 9, GenuineIntel



---------------  S Y S T E M  ---------------

OS: Windows 8.1 , 64 bit Build 9600 (6.3.9600.17415)

CPU:total 8 (4 cores per cpu, 2 threads per core) family 6 model 58 stepping 9, cmov, cx8, fxsr, mmx, sse, sse2, sse3, ssse3, sse4.1, sse4.2, popcnt, avx, aes, clmul, erms, ht, tsc, tscinvbit, tscinv

Memory: 4k page, physical 8239552k(5340064k free), swap 9550272k(5962084k free)

vm_info: Java HotSpot(TM) 64-Bit Server VM (25.60-b23) for windows-amd64 JRE (1.8.0_60-b27), built on Aug  4 2015 11:06:27 by "java_re" with MS VC++ 10.0 (VS2010)

time: Fri Nov 20 12:18:49 2015
elapsed time: 5 seconds (0d 0h 0m 5s)

