#
# A fatal error has been detected by the Java Runtime Environment:
#
#  EXCEPTION_ACCESS_VIOLATION (0xc0000005) at pc=0x000000005762583a, pid=6196, tid=5708
#
# JRE version: Java(TM) SE Runtime Environment (8.0_60-b27) (build 1.8.0_60-b27)
# Java VM: Java HotSpot(TM) 64-Bit Server VM (25.60-b23 mixed mode windows-amd64 compressed oops)
# Problematic frame:
# C  [glass.dll+0x2583a]
#
# Failed to write core dump. Minidumps are not enabled by default on client versions of Windows
#
# If you would like to submit a bug report, please visit:
#   http://bugreport.java.com/bugreport/crash.jsp
#

---------------  T H R E A D  ---------------

Current thread (0x0000000016d59800):  VMThread [stack: 0x0000000018a60000,0x0000000018b60000] [id=5708]

siginfo: ExceptionCode=0xc0000005, reading address 0x0000000000000000

Registers:
RAX=0x0000000000000000, RBX=0x0000000016c347c0, RCX=0x0000000016d59800, RDX=0x0000000016c347c0
RSP=0x0000000018b5f360, RBP=0x00000000001879f0, RSI=0x0000000000000001, RDI=0x0000000000000000
R8 =0x0000000000010002, R9 =0x00000000001879f0, R10=0x0000000000000000, R11=0x0000000000000286
R12=0x0000000000187a20, R13=0x00000000001879f0, R14=0x0000000000187a00, R15=0x0000000000000000
RIP=0x000000005762583a, EFLAGS=0x0000000000010202

Top of Stack: (sp=0x0000000018b5f360)
0x0000000018b5f360:   0000000000000000 00000000576258f0
0x0000000018b5f370:   0000000000000000 0000000000000000
0x0000000018b5f380:   0000000057625820 0000000057623214
0x0000000018b5f390:   000000005781f3b8 000000003440f0d0
0x0000000018b5f3a0:   00000000001879f0 00007ffafcc42d6b
0x0000000018b5f3b0:   0000000057623374 0000000057600000
0x0000000018b5f3c0:   0000000001c11628 0000000057623496
0x0000000018b5f3d0:   0000000000000001 0000000016be59a0
0x0000000018b5f3e0:   0000000000000000 0000000000000000
0x0000000018b5f3f0:   c000000500000001 0000000018b5e500
0x0000000018b5f400:   0000000000000001 00007ffaffd0c334
0x0000000018b5f410:   0000000000000000 0000000057623374
0x0000000018b5f420:   0000000057600000 00007ffaffd0d44f
0x0000000018b5f430:   00003daa31daee69 00000000001968a0
0x0000000018b5f440:   00007ffafbbe1900 00007ffaffe20d10
0x0000000018b5f450:   00007ffaffe20d10 00007ff65a476000 

Instructions: (pc=0x000000005762583a)
0x000000005762581a:   83 c4 20 5d c3 cc 40 53 48 83 ec 20 48 8b 1d db
0x000000005762582a:   5b 01 00 48 85 db 74 1a e8 29 93 ff ff 48 8b d3
0x000000005762583a:   4c 8b 00 48 8b c8 48 83 c4 20 5b 49 ff a0 b0 00
0x000000005762584a:   00 00 48 83 c4 20 5b c3 cc cc cc cc cc cc cc cc 


Register to memory mapping:

RAX=0x0000000000000000 is an unknown value
RBX=0x0000000016c347c0 is a global jni handle
RCX=0x0000000016d59800 is an unknown value
RDX=0x0000000016c347c0 is a global jni handle
RSP=0x0000000018b5f360 is an unknown value
RBP=0x00000000001879f0 is an unknown value
RSI=0x0000000000000001 is an unknown value
RDI=0x0000000000000000 is an unknown value
R8 =0x0000000000010002 is an unknown value
R9 =0x00000000001879f0 is an unknown value
R10=0x0000000000000000 is an unknown value
R11=0x0000000000000286 is an unknown value
R12=0x0000000000187a20 is an unknown value
R13=0x00000000001879f0 is an unknown value
R14=0x0000000000187a00 is an unknown value
R15=0x0000000000000000 is an unknown value


Stack: [0x0000000018a60000,0x0000000018b60000],  sp=0x0000000018b5f360,  free space=1020k
Native frames: (J=compiled Java code, j=interpreted, Vv=VM code, C=native code)
C  [glass.dll+0x2583a]
C  [glass.dll+0x23214]
C  [glass.dll+0x23496]
C  [ntdll.dll+0x1c334]
C  [ntdll.dll+0x1b742]
C  [ntdll.dll+0x18448]
C  [KERNEL32.DLL+0x516a]
C  [msvcr100.dll+0x20ccd]
V  [jvm.dll+0x210a25]
V  [jvm.dll+0x249747]
V  [jvm.dll+0x2489e6]
V  [jvm.dll+0x248e81]
V  [jvm.dll+0x24909e]
V  [jvm.dll+0x299f6a]
C  [msvcr100.dll+0x21d9f]
C  [msvcr100.dll+0x21e3b]
C  [KERNEL32.DLL+0x13d2]
C  [ntdll.dll+0x15454]

VM_Operation (0x000000001a74ab50): Exit, mode: safepoint, requested by thread 0x0000000019ae5000


---------------  P R O C E S S  ---------------

Java Threads: ( => current thread )
  0x0000000019be4800 JavaThread "Prism Font Disposer" daemon [_thread_blocked, id=7052, stack(0x000000001dcd0000,0x000000001ddd0000)]
  0x0000000019b05800 JavaThread "JavaFX-Launcher" [_thread_blocked, id=7264, stack(0x000000001bfe0000,0x000000001c0e0000)]
  0x0000000019b97000 JavaThread "Thread-2" daemon [_thread_in_native, id=7004, stack(0x000000001bee0000,0x000000001bfe0000)]
  0x0000000019ae5000 JavaThread "JavaFX Application Thread" [_thread_blocked, id=4492, stack(0x000000001a650000,0x000000001a750000)]
  0x0000000019acb000 JavaThread "Thread-1" daemon [_thread_blocked, id=5512, stack(0x000000001a550000,0x000000001a650000)]
  0x0000000019a9c800 JavaThread "QuantumRenderer-0" daemon [_thread_blocked, id=3980, stack(0x000000001a270000,0x000000001a370000)]
  0x0000000018f30800 JavaThread "Service Thread" daemon [_thread_blocked, id=840, stack(0x0000000019870000,0x0000000019970000)]
  0x0000000018eb2000 JavaThread "C1 CompilerThread3" daemon [_thread_blocked, id=5572, stack(0x0000000019770000,0x0000000019870000)]
  0x0000000018ea7000 JavaThread "C2 CompilerThread2" daemon [_thread_blocked, id=6688, stack(0x0000000019670000,0x0000000019770000)]
  0x0000000018e9e800 JavaThread "C2 CompilerThread1" daemon [_thread_blocked, id=496, stack(0x0000000019570000,0x0000000019670000)]
  0x0000000018e97800 JavaThread "C2 CompilerThread0" daemon [_thread_blocked, id=5964, stack(0x0000000019470000,0x0000000019570000)]
  0x0000000018e95000 JavaThread "Attach Listener" daemon [_thread_blocked, id=6012, stack(0x0000000019370000,0x0000000019470000)]
  0x0000000018e94000 JavaThread "Signal Dispatcher" daemon [_thread_blocked, id=6508, stack(0x0000000019270000,0x0000000019370000)]
  0x0000000001e49000 JavaThread "Finalizer" daemon [_thread_blocked, id=6044, stack(0x0000000018c60000,0x0000000018d60000)]
  0x0000000001e42000 JavaThread "Reference Handler" daemon [_thread_blocked, id=7696, stack(0x0000000018b60000,0x0000000018c60000)]
  0x0000000001c1e000 JavaThread "main" [_thread_blocked, id=2668, stack(0x0000000001c50000,0x0000000001d50000)]

Other Threads:
=>0x0000000016d59800 VMThread [stack: 0x0000000018a60000,0x0000000018b60000] [id=5708]

VM state:at safepoint (shutting down)

VM Mutex/Monitor currently owned by a thread:  ([mutex/lock_event])
[0x0000000001c1d670] Threads_lock - owner thread: 0x0000000016d59800

Heap:
 PSYoungGen      total 37888K, used 26813K [0x00000000d6180000, 0x00000000d8b80000, 0x0000000100000000)
  eden space 32768K, 81% used [0x00000000d6180000,0x00000000d7baf478,0x00000000d8180000)
  from space 5120K, 0% used [0x00000000d8680000,0x00000000d8680000,0x00000000d8b80000)
  to   space 5120K, 0% used [0x00000000d8180000,0x00000000d8180000,0x00000000d8680000)
 ParOldGen       total 86016K, used 0K [0x0000000082400000, 0x0000000087800000, 0x00000000d6180000)
  object space 86016K, 0% used [0x0000000082400000,0x0000000082400000,0x0000000087800000)
 Metaspace       used 12132K, capacity 12680K, committed 12928K, reserved 1060864K
  class space    used 1709K, capacity 1897K, committed 1920K, reserved 1048576K

Card table byte_map: [0x0000000011210000,0x0000000011600000] byte_map_base: 0x0000000010dfe000

Marking Bits: (ParMarkBitMap*) 0x000000005809a5b0
 Begin Bits: [0x00000000120a0000, 0x0000000014010000)
 End Bits:   [0x0000000014010000, 0x0000000015f80000)

Polling page: 0x0000000000420000

CodeCache: size=245760Kb used=3411Kb max_used=3413Kb free=242348Kb
 bounds [0x0000000001e50000, 0x00000000021b0000, 0x0000000010e50000]
 total_blobs=1477 nmethods=870 adapters=520
 compilation: enabled

Compilation events (10 events):
Event: 25.118 Thread 0x0000000018eb2000  866       1       javafx.event.Event::getTarget (5 bytes)
Event: 25.118 Thread 0x0000000018eb2000 nmethod 866 0x00000000021a4450 code [0x00000000021a45a0, 0x00000000021a46b0]
Event: 25.118 Thread 0x0000000018eb2000  867       1       javafx.scene.input.PickResult::getIntersectedNode (5 bytes)
Event: 25.118 Thread 0x0000000018eb2000 nmethod 867 0x00000000021a4190 code [0x00000000021a42e0, 0x00000000021a43f0]
Event: 25.125 Thread 0x0000000018eb2000  868       3       java.lang.invoke.MethodHandles::access$000 (4 bytes)
Event: 25.125 Thread 0x0000000018eb2000 nmethod 868 0x00000000021a3e90 code [0x00000000021a3fe0, 0x00000000021a4110]
Event: 25.126 Thread 0x0000000018eb2000  869       3       java.util.HashMap::clear (50 bytes)
Event: 25.127 Thread 0x0000000018eb2000 nmethod 869 0x00000000021a3810 code [0x00000000021a3980, 0x00000000021a3d50]
Event: 25.129 Thread 0x0000000018eb2000  870       3       com.sun.glass.ui.Application::checkEventThread (48 bytes)
Event: 25.130 Thread 0x0000000018eb2000 nmethod 870 0x00000000021a2710 code [0x00000000021a2920, 0x00000000021a3398]

GC Heap History (0 events):
No events

Deoptimization events (10 events):
Event: 22.121 Thread 0x0000000019ae5000 Uncommon trap: reason=unstable_if action=reinterpret pc=0x00000000020db930 method=sun.net.www.ParseUtil.encodePath(Ljava/lang/String;Z)Ljava/lang/String; @ 109
Event: 22.238 Thread 0x0000000019ae5000 Uncommon trap: reason=class_check action=maybe_recompile pc=0x0000000002077ee0 method=java.io.DataInputStream.readShort()S @ 4
Event: 22.239 Thread 0x0000000019ae5000 Uncommon trap: reason=class_check action=maybe_recompile pc=0x0000000002077ee0 method=java.io.DataInputStream.readShort()S @ 4
Event: 22.241 Thread 0x0000000019ae5000 Uncommon trap: reason=class_check action=maybe_recompile pc=0x0000000002077ee0 method=java.io.DataInputStream.readShort()S @ 4
Event: 22.241 Thread 0x0000000019ae5000 Uncommon trap: reason=class_check action=maybe_recompile pc=0x0000000002077ee0 method=java.io.DataInputStream.readShort()S @ 4
Event: 22.257 Thread 0x0000000019ae5000 Uncommon trap: reason=class_check action=maybe_recompile pc=0x0000000001f6df70 method=java.lang.String.equals(Ljava/lang/Object;)Z @ 8
Event: 22.257 Thread 0x0000000019ae5000 Uncommon trap: reason=class_check action=maybe_recompile pc=0x0000000001f6df70 method=java.lang.String.equals(Ljava/lang/Object;)Z @ 8
Event: 22.257 Thread 0x0000000019ae5000 Uncommon trap: reason=class_check action=maybe_recompile pc=0x0000000001f6df70 method=java.lang.String.equals(Ljava/lang/Object;)Z @ 8
Event: 22.343 Thread 0x0000000019ae5000 Uncommon trap: reason=class_check action=maybe_recompile pc=0x0000000001f6df70 method=java.lang.String.equals(Ljava/lang/Object;)Z @ 8
Event: 24.991 Thread 0x0000000019ae5000 Uncommon trap: reason=unstable_if action=reinterpret pc=0x0000000002144ea8 method=jdk.internal.org.objectweb.asm.Type.getArgumentsAndReturnSizes(Ljava/lang/String;)I @ 47

Internal exceptions (10 events):
Event: 0.309 Thread 0x0000000001c1e000 Exception <a 'java/security/PrivilegedActionException'> (0x00000000d64d5e18) thrown at [C:\re\workspace\8-2-build-windows-amd64-cygwin\jdk8u60\4407\hotspot\src\share\vm\prims\jvm.cpp, line 1386]
Event: 0.309 Thread 0x0000000001c1e000 Exception <a 'java/security/PrivilegedActionException'> (0x00000000d64d6028) thrown at [C:\re\workspace\8-2-build-windows-amd64-cygwin\jdk8u60\4407\hotspot\src\share\vm\prims\jvm.cpp, line 1386]
Event: 0.310 Thread 0x0000000001c1e000 Exception <a 'java/security/PrivilegedActionException'> (0x00000000d64d9bd0) thrown at [C:\re\workspace\8-2-build-windows-amd64-cygwin\jdk8u60\4407\hotspot\src\share\vm\prims\jvm.cpp, line 1386]
Event: 0.310 Thread 0x0000000001c1e000 Exception <a 'java/security/PrivilegedActionException'> (0x00000000d64d9de0) thrown at [C:\re\workspace\8-2-build-windows-amd64-cygwin\jdk8u60\4407\hotspot\src\share\vm\prims\jvm.cpp, line 1386]
Event: 0.311 Thread 0x0000000001c1e000 Exception <a 'java/lang/NullPointerException'> (0x00000000d64da3b8) thrown at [C:\re\workspace\8-2-build-windows-amd64-cygwin\jdk8u60\4407\hotspot\src\share\vm\interpreter\linkResolver.cpp, line 1178]
Event: 21.748 Thread 0x0000000019ae5000 Exception <a 'java/net/ConnectException': Connection timed out: connect> (0x00000000d6cc72d8) thrown at [C:\re\workspace\8-2-build-windows-amd64-cygwin\jdk8u60\4407\hotspot\src\share\vm\prims\jni.cpp, line 735]
Event: 21.817 Thread 0x0000000019ae5000 Exception <a 'java/lang/NullPointerException'> (0x00000000d6de4118) thrown at [C:\re\workspace\8-2-build-windows-amd64-cygwin\jdk8u60\4407\hotspot\src\share\vm\interpreter\linkResolver.cpp, line 1178]
Event: 21.817 Thread 0x0000000019ae5000 Exception <a 'java/lang/NullPointerException'> (0x00000000d6de4118) thrown at [C:\re\workspace\8-2-build-windows-amd64-cygwin\jdk8u60\4407\hotspot\src\share\vm\prims\jvm.cpp, line 1390]
Event: 22.048 Thread 0x0000000019ae5000 Implicit null exception at 0x000000000208c0f5 to 0x000000000208c2c5
Event: 25.132 Thread 0x0000000019e81000 Exception <a 'java/lang/IllegalStateException'> (0x00000000d7b11b58) thrown at [C:\re\workspace\8-2-build-windows-amd64-cygwin\jdk8u60\4407\hotspot\src\share\vm\prims\jvm.cpp, line 1390]

Events (10 events):
Event: 25.131 loading class java/util/HashMap$KeyIterator
Event: 25.131 loading class java/util/HashMap$KeyIterator done
Event: 25.131 loading class com/sun/javafx/tk/quantum/QuantumToolkit
Event: 25.131 loading class com/sun/javafx/tk/quantum/QuantumToolkit done
Event: 25.131 loading class java/util/LinkedList$ListItr
Event: 25.131 loading class java/util/LinkedList$ListItr done
Event: 25.132 loading class com/sun/prism/ResourceFactoryListener
Event: 25.132 loading class com/sun/prism/ResourceFactoryListener done
Event: 25.132 Thread 0x0000000019e81000 Thread exited: 0x0000000019e81000
Event: 25.132 Executing VM operation: Exit


Dynamic libraries:
0x00007ff65ae60000 - 0x00007ff65ae97000 	C:\Program Files\Java\jre1.8.0_60\bin\javaw.exe
0x00007ffaffcf0000 - 0x00007ffaffe9c000 	C:\WINDOWS\SYSTEM32\ntdll.dll
0x00007ffafd4c0000 - 0x00007ffafd5fe000 	C:\WINDOWS\system32\KERNEL32.DLL
0x00007ffafd070000 - 0x00007ffafd185000 	C:\WINDOWS\system32\KERNELBASE.dll
0x00007ffafb9e0000 - 0x00007ffafba6e000 	C:\WINDOWS\system32\apphelp.dll
0x00007ffaecf10000 - 0x00007ffaecf63000 	C:\WINDOWS\AppPatch\AppPatch64\AcGenral.DLL
0x00007ffaff800000 - 0x00007ffaff8aa000 	C:\WINDOWS\system32\msvcrt.dll
0x00007ffafca90000 - 0x00007ffafcabe000 	C:\WINDOWS\SYSTEM32\SspiCli.dll
0x00007ffaff060000 - 0x00007ffaff0b4000 	C:\WINDOWS\system32\SHLWAPI.dll
0x00007ffafd600000 - 0x00007ffafd777000 	C:\WINDOWS\system32\USER32.dll
0x00007ffaffa90000 - 0x00007ffaffc24000 	C:\WINDOWS\system32\ole32.dll
0x00007ffafd8d0000 - 0x00007ffafedfb000 	C:\WINDOWS\system32\SHELL32.dll
0x00007ffafc3e0000 - 0x00007ffafc401000 	C:\WINDOWS\SYSTEM32\USERENV.dll
0x00007ffafee00000 - 0x00007ffafeeaa000 	C:\WINDOWS\system32\ADVAPI32.dll
0x00007ffaee7a0000 - 0x00007ffaee7be000 	C:\WINDOWS\SYSTEM32\MPR.dll
0x00007ffafd370000 - 0x00007ffafd4b1000 	C:\WINDOWS\system32\RPCRT4.dll
0x00007ffaff720000 - 0x00007ffaff779000 	C:\WINDOWS\SYSTEM32\sechost.dll
0x00007ffaff470000 - 0x00007ffaff681000 	C:\WINDOWS\SYSTEM32\combase.dll
0x00007ffafd780000 - 0x00007ffafd8cf000 	C:\WINDOWS\system32\GDI32.dll
0x00007ffafce40000 - 0x00007ffafce55000 	C:\WINDOWS\SYSTEM32\profapi.dll
0x00007ffafb670000 - 0x00007ffafb722000 	C:\WINDOWS\SYSTEM32\SHCORE.dll
0x00007ffaff310000 - 0x00007ffaff346000 	C:\WINDOWS\system32\IMM32.DLL
0x00007ffaff190000 - 0x00007ffaff2e2000 	C:\WINDOWS\system32\MSCTF.dll
0x00007ffafaf30000 - 0x00007ffafb1ab000 	C:\WINDOWS\WinSxS\amd64_microsoft.windows.common-controls_6595b64144ccf1df_6.0.9600.18006_none_623f33d3ecbe86e8\COMCTL32.dll
0x0000000058190000 - 0x0000000058262000 	C:\Program Files\Java\jre1.8.0_60\bin\msvcr100.dll
0x0000000057890000 - 0x0000000058119000 	C:\Program Files\Java\jre1.8.0_60\bin\server\jvm.dll
0x00007ffaf3690000 - 0x00007ffaf3699000 	C:\WINDOWS\SYSTEM32\WSOCK32.dll
0x00007ffaf9f70000 - 0x00007ffaf9f92000 	C:\WINDOWS\SYSTEM32\WINMM.dll
0x00007ffafa910000 - 0x00007ffafa91a000 	C:\WINDOWS\SYSTEM32\VERSION.dll
0x00007ffaff710000 - 0x00007ffaff717000 	C:\WINDOWS\system32\PSAPI.DLL
0x00007ffaff790000 - 0x00007ffaff7ea000 	C:\WINDOWS\system32\WS2_32.dll
0x00007ffaf9ea0000 - 0x00007ffaf9eca000 	C:\WINDOWS\SYSTEM32\WINMMBASE.dll
0x00007ffaff7f0000 - 0x00007ffaff7f9000 	C:\WINDOWS\system32\NSI.dll
0x00007ffafd020000 - 0x00007ffafd06f000 	C:\WINDOWS\SYSTEM32\cfgmgr32.dll
0x00007ffafbc40000 - 0x00007ffafbc68000 	C:\WINDOWS\SYSTEM32\DEVOBJ.dll
0x0000000057880000 - 0x000000005788f000 	C:\Program Files\Java\jre1.8.0_60\bin\verify.dll
0x0000000057850000 - 0x0000000057879000 	C:\Program Files\Java\jre1.8.0_60\bin\java.dll
0x0000000057830000 - 0x0000000057846000 	C:\Program Files\Java\jre1.8.0_60\bin\zip.dll
0x00007ffae5700000 - 0x00007ffae57ef000 	C:\Program Files\Java\jre1.8.0_60\bin\msvcr120.dll
0x00007ffae59c0000 - 0x00007ffae5a66000 	C:\Program Files\Java\jre1.8.0_60\bin\msvcp120.dll
0x0000000058160000 - 0x0000000058183000 	C:\Program Files\Java\jre1.8.0_60\bin\prism_d3d.dll
0x00007ffaf2570000 - 0x00007ffaf2791000 	C:\WINDOWS\system32\d3d9.dll
0x00007ffafb470000 - 0x00007ffafb491000 	C:\WINDOWS\SYSTEM32\dwmapi.dll
0x00007ffafbab0000 - 0x00007ffafbbd9000 	C:\WINDOWS\system32\uxtheme.dll
0x00007ffafa960000 - 0x00007ffafaa77000 	C:\WINDOWS\SYSTEM32\nvumdshimx.dll
0x00007ffaff8b0000 - 0x00007ffaffa8a000 	C:\WINDOWS\system32\SETUPAPI.dll
0x00007ffafa920000 - 0x00007ffafa951000 	C:\WINDOWS\system32\nvinitx.dll
0x0000000001c30000 - 0x0000000001c36000 	C:\Program Files\NVIDIA Corporation\CoProcManager\_etoured.dll
0x00007ffaf8c90000 - 0x00007ffaf8cc2000 	C:\Program Files\NVIDIA Corporation\CoProcManager\nvd3d9wrapx.dll
0x00007ffaf78e0000 - 0x00007ffaf7902000 	C:\Program Files\NVIDIA Corporation\CoProcManager\nvdxgiwrapx.dll
0x00007ffafcf10000 - 0x00007ffafcf61000 	C:\WINDOWS\system32\WINTRUST.dll
0x00007ffafd190000 - 0x00007ffafd36f000 	C:\WINDOWS\system32\CRYPT32.dll
0x00007ffafcef0000 - 0x00007ffafcf01000 	C:\WINDOWS\system32\MSASN1.dll
0x00007ffade100000 - 0x00007ffadeb29000 	C:\WINDOWS\system32\igdumdim64.dll
0x00007ffaf7430000 - 0x00007ffaf787a000 	C:\WINDOWS\SYSTEM32\igdusc64.dll
0x0000000057600000 - 0x0000000057643000 	C:\Program Files\Java\jre1.8.0_60\bin\glass.dll
0x00007ffaffc30000 - 0x00007ffaffce6000 	C:\WINDOWS\system32\COMDLG32.dll
0x00007ffaff0c0000 - 0x00007ffaff181000 	C:\WINDOWS\system32\OLEAUT32.dll
0x00007ffafbbe0000 - 0x00007ffafbbeb000 	C:\WINDOWS\SYSTEM32\kernel.appcore.dll
0x00007ffafccb0000 - 0x00007ffafccbb000 	C:\WINDOWS\SYSTEM32\CRYPTBASE.dll
0x00007ffafcc40000 - 0x00007ffafcca3000 	C:\WINDOWS\SYSTEM32\bcryptPrimitives.dll
0x0000000057810000 - 0x000000005782a000 	C:\Program Files\Java\jre1.8.0_60\bin\net.dll
0x00007ffafc650000 - 0x00007ffafc6a9000 	C:\WINDOWS\system32\mswsock.dll
0x0000000058140000 - 0x0000000058154000 	C:\Program Files\Java\jre1.8.0_60\bin\javafx_font.dll
0x00007ffaf88b0000 - 0x00007ffaf8a9c000 	C:\WINDOWS\SYSTEM32\dwrite.dll
0x00007ffaff3b0000 - 0x00007ffaff466000 	C:\WINDOWS\SYSTEM32\clbcatq.dll
0x00007ffafad60000 - 0x00007ffafaf0e000 	C:\WINDOWS\SYSTEM32\WindowsCodecs.dll
0x00007ffafc6b0000 - 0x00007ffafc6d0000 	C:\WINDOWS\SYSTEM32\CRYPTSP.dll
0x00007ffafc2d0000 - 0x00007ffafc306000 	C:\WINDOWS\system32\rsaenh.dll
0x00007ffafc970000 - 0x00007ffafc996000 	C:\WINDOWS\SYSTEM32\bcrypt.dll
0x00007ffaee4a0000 - 0x00007ffaee4ce000 	C:\Program Files\Common Files\Microsoft Shared\Ink\rtscom.dll
0x0000000058120000 - 0x0000000058131000 	C:\Program Files\Java\jre1.8.0_60\bin\prism_common.dll
0x00007ffaf9740000 - 0x00007ffaf98c9000 	C:\WINDOWS\SYSTEM32\dbghelp.dll

VM Arguments:
jvm_args: -Dfile.encoding=Cp1252 
java_command: application.ClientGUI
java_class_path (initial): C:\Users\Pyornez\Documents\Korropol\auftragsmanagement\Auftragsmanagement_Client\bin;C:\Users\Pyornez\Documents\Korropol\auftragsmanagement\Auftragsmanagement_Client\libs\commons-lang3-3.4.jar;C:\Users\Pyornez\.eclipse\org.eclipse.platform_4.5.0_248562372_win32_win32_x86_64\plugins\org.eclipse.fx.ide.css.jfx8_2.1.0.201508240705.jar
Launcher Type: SUN_STANDARD

Environment Variables:
JAVA_HOME=C:\Program Files\Java\jdk1.8.0_60\bin
CLASSPATH=C:\Program Files\OpenNI\Bin64\org.OpenNI.jar
PATH=C:/Program Files/Java/jre1.8.0_60/bin/server;C:/Program Files/Java/jre1.8.0_60/bin;C:/Program Files/Java/jre1.8.0_60/lib/amd64;C:\ProgramData\Oracle\Java\javapath;C:\Python27\;C:\Python27\Scripts;C:\Program Files (x86)\Intel\iCLS Client\;C:\Program Files\Intel\iCLS Client\;C:\WINDOWS\system32;C:\WINDOWS;C:\WINDOWS\System32\Wbem;C:\WINDOWS\System32\WindowsPowerShell\v1.0\;C:\Program Files\Intel\Intel(R) Management Engine Components\DAL;C:\Program Files\Intel\Intel(R) Management Engine Components\IPT;C:\Program Files (x86)\Intel\Intel(R) Management Engine Components\DAL;C:\Program Files (x86)\Intel\Intel(R) Management Engine Components\IPT;C:\Program Files (x86)\Windows Live\Shared;C:\Program Files\Intel\WiFi\bin\;C:\Program Files\Common Files\Intel\WirelessCommon\;C:\Program Files\MiKTeX 2.9\miktex\bin\x64\;C:\Program Files\TortoiseSVN\bin;C:\Program Files\Java\jdk1.7.0_45\bin;C:\Program Files (x86)\Windows Kits\8.1\Windows Performance Toolkit\;C:\Program Files\Microsoft SQL Server\110\Tools\Binn\;C:\Program Files (x86)\Microsoft SDKs\TypeScript\1.0\;C:\Program Files\Microsoft SQL Server\120\Tools\Binn\;C:\Program Files\OpenNI\Bin64;C:\Program Files (x86)\NVIDIA Corporation\PhysX\Common;C:\Program Files (x86)\Skype\Phone\;%GSTREAMER_1_0_ROOT_X86%\bin;C:\OpenCV\opencv\build\x86\vc12\bin;C:\Program Files\Java\jdk1.8.0_60\bin;C:\Program Files (x86)\eclipse;
USERNAME=Pyornez
OS=Windows_NT
PROCESSOR_IDENTIFIER=Intel64 Family 6 Model 58 Stepping 9, GenuineIntel



---------------  S Y S T E M  ---------------

OS: Windows 8.1 , 64 bit Build 9600 (6.3.9600.17415)

CPU:total 8 (4 cores per cpu, 2 threads per core) family 6 model 58 stepping 9, cmov, cx8, fxsr, mmx, sse, sse2, sse3, ssse3, sse4.1, sse4.2, popcnt, avx, aes, clmul, erms, ht, tsc, tscinvbit, tscinv

Memory: 4k page, physical 8239552k(5193328k free), swap 9550272k(5633352k free)

vm_info: Java HotSpot(TM) 64-Bit Server VM (25.60-b23) for windows-amd64 JRE (1.8.0_60-b27), built on Aug  4 2015 11:06:27 by "java_re" with MS VC++ 10.0 (VS2010)

time: Fri Nov 20 01:20:43 2015
elapsed time: 25 seconds (0d 0h 0m 25s)

