#
# A fatal error has been detected by the Java Runtime Environment:
#
#  EXCEPTION_ACCESS_VIOLATION (0xc0000005) at pc=0x000000006dea583a, pid=1520, tid=5812
#
# JRE version: Java(TM) SE Runtime Environment (8.0_60-b27) (build 1.8.0_60-b27)
# Java VM: Java HotSpot(TM) 64-Bit Server VM (25.60-b23 mixed mode windows-amd64 compressed oops)
# Problematic frame:
# C  [glass.dll+0x2583a]
#
# Failed to write core dump. Minidumps are not enabled by default on client versions of Windows
#
# If you would like to submit a bug report, please visit:
#   http://bugreport.java.com/bugreport/crash.jsp
#

---------------  T H R E A D  ---------------

Current thread (0x00000000179e9800):  VMThread [stack: 0x00000000196e0000,0x00000000197e0000] [id=5812]

siginfo: ExceptionCode=0xc0000005, reading address 0x0000000000000000

Registers:
RAX=0x0000000000000000, RBX=0x000000001aa40e28, RCX=0x00000000179e9800, RDX=0x000000001aa40e28
RSP=0x00000000197df0d0, RBP=0x0000000000f774a0, RSI=0x0000000000000001, RDI=0x0000000000000000
R8 =0x0000000000010002, R9 =0x0000000000f774a0, R10=0x0000000000000000, R11=0x0000000000000286
R12=0x0000000000f774d0, R13=0x0000000000f774a0, R14=0x0000000000f774b0, R15=0x0000000000000000
RIP=0x000000006dea583a, EFLAGS=0x0000000000010202

Top of Stack: (sp=0x00000000197df0d0)
0x00000000197df0d0:   0000000000000000 000000006dea58f0
0x00000000197df0e0:   0000000000000000 0000000000000000
0x00000000197df0f0:   000000006dea5820 000000006dea3214
0x00000000197df100:   000000006c53f3b8 000000000f54abfd
0x00000000197df110:   0000000000f774a0 00007ff95b4c2d6b
0x00000000197df120:   000000006dea3374 000000006de80000
0x00000000197df130:   0000000000f41628 000000006dea3496
0x00000000197df140:   0000000000000001 0000000017875400
0x00000000197df150:   0000000000000000 0000000000000000
0x00000000197df160:   c000000500000001 00000000197de280
0x00000000197df170:   0000000000000001 00007ff95e58c334
0x00000000197df180:   0000000000000000 000000006dea3374
0x00000000197df190:   000000006de80000 00007ff95e58d44f
0x00000000197df1a0:   000000d5f8c3f282 0000000000f868a0
0x00000000197df1b0:   00007ff95a431900 00007ff95e6a0d10
0x00000000197df1c0:   00007ff95e6a0d10 00007ff7e26c6000 

Instructions: (pc=0x000000006dea583a)
0x000000006dea581a:   83 c4 20 5d c3 cc 40 53 48 83 ec 20 48 8b 1d db
0x000000006dea582a:   5b 01 00 48 85 db 74 1a e8 29 93 ff ff 48 8b d3
0x000000006dea583a:   4c 8b 00 48 8b c8 48 83 c4 20 5b 49 ff a0 b0 00
0x000000006dea584a:   00 00 48 83 c4 20 5b c3 cc cc cc cc cc cc cc cc 


Register to memory mapping:

RAX=0x0000000000000000 is an unknown value
RBX=0x000000001aa40e28 is a global jni handle
RCX=0x00000000179e9800 is an unknown value
RDX=0x000000001aa40e28 is a global jni handle
RSP=0x00000000197df0d0 is an unknown value
RBP=0x0000000000f774a0 is an unknown value
RSI=0x0000000000000001 is an unknown value
RDI=0x0000000000000000 is an unknown value
R8 =0x0000000000010002 is an unknown value
R9 =0x0000000000f774a0 is an unknown value
R10=0x0000000000000000 is an unknown value
R11=0x0000000000000286 is an unknown value
R12=0x0000000000f774d0 is an unknown value
R13=0x0000000000f774a0 is an unknown value
R14=0x0000000000f774b0 is an unknown value
R15=0x0000000000000000 is an unknown value


Stack: [0x00000000196e0000,0x00000000197e0000],  sp=0x00000000197df0d0,  free space=1020k
Native frames: (J=compiled Java code, j=interpreted, Vv=VM code, C=native code)
C  [glass.dll+0x2583a]
C  [glass.dll+0x23214]
C  [glass.dll+0x23496]
C  [ntdll.dll+0x1c334]
C  [ntdll.dll+0x1b742]
C  [ntdll.dll+0x18448]
C  [KERNEL32.DLL+0x516a]
C  [msvcr100.dll+0x20ccd]
V  [jvm.dll+0x210a25]
V  [jvm.dll+0x249747]
V  [jvm.dll+0x2489e6]
V  [jvm.dll+0x248e81]
V  [jvm.dll+0x24909e]
V  [jvm.dll+0x299f6a]
C  [msvcr100.dll+0x21d9f]
C  [msvcr100.dll+0x21e3b]
C  [KERNEL32.DLL+0x13d2]
C  [ntdll.dll+0x15454]

VM_Operation (0x000000001b48ad80): Exit, mode: safepoint, requested by thread 0x000000001a77b000


---------------  P R O C E S S  ---------------

Java Threads: ( => current thread )
  0x000000001a9df800 JavaThread "Prism Font Disposer" daemon [_thread_blocked, id=3052, stack(0x000000001f000000,0x000000001f100000)]
  0x000000001a893800 JavaThread "JavaFX-Launcher" [_thread_blocked, id=3084, stack(0x000000001ce50000,0x000000001cf50000)]
  0x000000001a892800 JavaThread "Thread-2" daemon [_thread_in_native, id=7636, stack(0x000000001cc50000,0x000000001cd50000)]
  0x000000001a77b000 JavaThread "JavaFX Application Thread" [_thread_blocked, id=6464, stack(0x000000001b390000,0x000000001b490000)]
  0x000000001a7a2800 JavaThread "Thread-1" daemon [_thread_blocked, id=3424, stack(0x000000001b290000,0x000000001b390000)]
  0x000000001a741000 JavaThread "QuantumRenderer-0" daemon [_thread_blocked, id=5760, stack(0x000000001aef0000,0x000000001aff0000)]
  0x0000000019bb6000 JavaThread "Service Thread" daemon [_thread_blocked, id=6480, stack(0x000000001a4f0000,0x000000001a5f0000)]
  0x0000000019b34000 JavaThread "C1 CompilerThread3" daemon [_thread_blocked, id=7324, stack(0x000000001a3f0000,0x000000001a4f0000)]
  0x0000000019b2d000 JavaThread "C2 CompilerThread2" daemon [_thread_blocked, id=2308, stack(0x000000001a2f0000,0x000000001a3f0000)]
  0x0000000019b1d000 JavaThread "C2 CompilerThread1" daemon [_thread_blocked, id=7812, stack(0x000000001a1f0000,0x000000001a2f0000)]
  0x0000000019b19800 JavaThread "C2 CompilerThread0" daemon [_thread_blocked, id=2616, stack(0x000000001a0f0000,0x000000001a1f0000)]
  0x0000000019b13000 JavaThread "Attach Listener" daemon [_thread_blocked, id=960, stack(0x0000000019ff0000,0x000000001a0f0000)]
  0x0000000019b1f000 JavaThread "Signal Dispatcher" daemon [_thread_blocked, id=7740, stack(0x0000000019ef0000,0x0000000019ff0000)]
  0x0000000002ad9800 JavaThread "Finalizer" daemon [_thread_blocked, id=7484, stack(0x00000000198e0000,0x00000000199e0000)]
  0x00000000179ed800 JavaThread "Reference Handler" daemon [_thread_blocked, id=4952, stack(0x00000000197e0000,0x00000000198e0000)]
  0x0000000000f4e000 JavaThread "main" [_thread_blocked, id=7004, stack(0x0000000002880000,0x0000000002980000)]

Other Threads:
=>0x00000000179e9800 VMThread [stack: 0x00000000196e0000,0x00000000197e0000] [id=5812]

VM state:at safepoint (shutting down)

VM Mutex/Monitor currently owned by a thread:  ([mutex/lock_event])
[0x0000000000f4d9f0] Threads_lock - owner thread: 0x00000000179e9800

Heap:
 PSYoungGen      total 37888K, used 34702K [0x00000000d6180000, 0x00000000d8b80000, 0x0000000100000000)
  eden space 32768K, 90% used [0x00000000d6180000,0x00000000d7e6b618,0x00000000d8180000)
  from space 5120K, 99% used [0x00000000d8180000,0x00000000d86784c0,0x00000000d8680000)
  to   space 5120K, 0% used [0x00000000d8680000,0x00000000d8680000,0x00000000d8b80000)
 ParOldGen       total 86016K, used 48K [0x0000000082400000, 0x0000000087800000, 0x00000000d6180000)
  object space 86016K, 0% used [0x0000000082400000,0x000000008240c000,0x0000000087800000)
 Metaspace       used 19275K, capacity 20794K, committed 21120K, reserved 1067008K
  class space    used 2784K, capacity 3083K, committed 3200K, reserved 1048576K

Card table byte_map: [0x0000000011ea0000,0x0000000012290000] byte_map_base: 0x0000000011a8e000

Marking Bits: (ParMarkBitMap*) 0x000000006cd7a5b0
 Begin Bits: [0x0000000012d30000, 0x0000000014ca0000)
 End Bits:   [0x0000000014ca0000, 0x0000000016c10000)

Polling page: 0x0000000000f30000

CodeCache: size=245760Kb used=10980Kb max_used=11006Kb free=234779Kb
 bounds [0x0000000002ae0000, 0x00000000035b0000, 0x0000000011ae0000]
 total_blobs=4051 nmethods=3377 adapters=585
 compilation: enabled

Compilation events (10 events):
Event: 792.452 Thread 0x0000000019b1d000 nmethod 3404 0x0000000003581e50 code [0x0000000003581fa0, 0x00000000035820f8]
Event: 793.072 Thread 0x0000000019b34000 3406       3       javafx.animation.Animation::getCycleDuration (24 bytes)
Event: 793.073 Thread 0x0000000019b34000 nmethod 3406 0x0000000002c09f10 code [0x0000000002c0a080, 0x0000000002c0a3e8]
Event: 793.237 Thread 0x0000000019b34000 3407       3       javafx.beans.property.ReadOnlyBooleanWrapper::fireValueChangedEvent (15 bytes)
Event: 793.238 Thread 0x0000000019b34000 nmethod 3407 0x0000000002c02310 code [0x0000000002c024a0, 0x0000000002c02848]
Event: 793.240 Thread 0x0000000019b34000 3408       3       com.sun.javafx.stage.WindowCloseRequestHandler::dispatchBubblingEvent (23 bytes)
Event: 793.241 Thread 0x0000000019b34000 nmethod 3408 0x0000000002c01c10 code [0x0000000002c01da0, 0x0000000002c021b8]
Event: 793.241 Thread 0x0000000019b34000 3409       3       com.sun.javafx.event.BasicEventDispatcher::dispatchBubblingEvent (2 bytes)
Event: 793.241 Thread 0x0000000019b34000 nmethod 3409 0x0000000002bfd550 code [0x0000000002bfd6a0, 0x0000000002bfd7f0]
Event: 793.246 Thread 0x0000000019b34000 3410       3       jdk.internal.org.objectweb.asm.FieldWriter::put (472 bytes)

GC Heap History (2 events):
Event: 2.161 GC heap before
{Heap before GC invocations=1 (full 0):
 PSYoungGen      total 37888K, used 32686K [0x00000000d6180000, 0x00000000d8b80000, 0x0000000100000000)
  eden space 32768K, 99% used [0x00000000d6180000,0x00000000d816ba68,0x00000000d8180000)
  from space 5120K, 0% used [0x00000000d8680000,0x00000000d8680000,0x00000000d8b80000)
  to   space 5120K, 0% used [0x00000000d8180000,0x00000000d8180000,0x00000000d8680000)
 ParOldGen       total 86016K, used 0K [0x0000000082400000, 0x0000000087800000, 0x00000000d6180000)
  object space 86016K, 0% used [0x0000000082400000,0x0000000082400000,0x0000000087800000)
 Metaspace       used 15377K, capacity 16274K, committed 16384K, reserved 1062912K
  class space    used 2324K, capacity 2534K, committed 2560K, reserved 1048576K
Event: 2.172 GC heap after
Heap after GC invocations=1 (full 0):
 PSYoungGen      total 37888K, used 5089K [0x00000000d6180000, 0x00000000d8b80000, 0x0000000100000000)
  eden space 32768K, 0% used [0x00000000d6180000,0x00000000d6180000,0x00000000d8180000)
  from space 5120K, 99% used [0x00000000d8180000,0x00000000d86784c0,0x00000000d8680000)
  to   space 5120K, 0% used [0x00000000d8680000,0x00000000d8680000,0x00000000d8b80000)
 ParOldGen       total 86016K, used 48K [0x0000000082400000, 0x0000000087800000, 0x00000000d6180000)
  object space 86016K, 0% used [0x0000000082400000,0x000000008240c000,0x0000000087800000)
 Metaspace       used 15377K, capacity 16274K, committed 16384K, reserved 1062912K
  class space    used 2324K, capacity 2534K, committed 2560K, reserved 1048576K
}

Deoptimization events (10 events):
Event: 10.254 Thread 0x000000001a741000 Uncommon trap: reason=unstable_if action=reinterpret pc=0x00000000030e7044 method=com.sun.javafx.geom.RectBounds.isEmpty()Z @ 21
Event: 10.651 Thread 0x000000001a77b000 Uncommon trap: reason=array_check action=maybe_recompile pc=0x000000000311f5cc method=com.sun.javafx.css.CompoundSelector.applies(Ljavafx/css/Styleable;[Ljava/util/Set;I)Z @ 128
Event: 10.651 Thread 0x000000001a77b000 Uncommon trap: reason=array_check action=maybe_recompile pc=0x000000000311f5cc method=com.sun.javafx.css.CompoundSelector.applies(Ljavafx/css/Styleable;[Ljava/util/Set;I)Z @ 128
Event: 10.651 Thread 0x000000001a77b000 Uncommon trap: reason=array_check action=maybe_recompile pc=0x000000000311f5cc method=com.sun.javafx.css.CompoundSelector.applies(Ljavafx/css/Styleable;[Ljava/util/Set;I)Z @ 128
Event: 10.651 Thread 0x000000001a77b000 Uncommon trap: reason=array_check action=maybe_recompile pc=0x000000000311f5cc method=com.sun.javafx.css.CompoundSelector.applies(Ljavafx/css/Styleable;[Ljava/util/Set;I)Z @ 128
Event: 23.058 Thread 0x000000001a77b000 Uncommon trap: reason=unstable_if action=reinterpret pc=0x0000000003054334 method=javafx.scene.CssStyleHelper.lookup(Ljavafx/css/Styleable;Ljavafx/css/CssMetaData;Lcom/sun/javafx/css/StyleMap;Ljava/util/Set;Ljavafx/css/Styleable;Lcom/sun/javafx/css/CalculaÕ`ð-U7@
Event: 23.087 Thread 0x000000001a77b000 Uncommon trap: reason=unstable_if action=reinterpret pc=0x0000000002e7e494 method=java.io.ByteArrayInputStream.read()I @ 8
Event: 23.350 Thread 0x000000001a77b000 Uncommon trap: reason=unstable_if action=reinterpret pc=0x000000000324e234 method=javafx.scene.Node.updateBounds()V @ 70
Event: 225.064 Thread 0x000000001a892800 Uncommon trap: reason=unstable_if action=reinterpret pc=0x00000000033cbff4 method=com.sun.javafx.tk.quantum.QuantumToolkit.postPulse()V @ 27
Event: 225.076 Thread 0x000000001a741000 Uncommon trap: reason=unstable_if action=reinterpret pc=0x00000000033ca920 method=com.sun.javafx.tk.quantum.QuantumToolkit.postPulse()V @ 27

Internal exceptions (10 events):
Event: 1.270 Thread 0x000000001a77b000 Implicit null exception at 0x0000000002d577f5 to 0x0000000002d579cd
Event: 1.446 Thread 0x000000001a77b000 Exception <a 'java/io/FileNotFoundException'> (0x00000000d77e0530) thrown at [C:\re\workspace\8-2-build-windows-amd64-cygwin\jdk8u60\4407\hotspot\src\share\vm\prims\jni.cpp, line 709]
Event: 5.093 Thread 0x000000001a77b000 Implicit null exception at 0x0000000002f0b92f to 0x0000000002f0be75
Event: 10.104 Thread 0x000000001a77b000 Implicit null exception at 0x0000000002dd1d01 to 0x0000000002dd3085
Event: 16.864 Thread 0x000000001a77b000 Exception <a 'java/lang/NullPointerException'> (0x00000000d7044b88) thrown at [C:\re\workspace\8-2-build-windows-amd64-cygwin\jdk8u60\4407\hotspot\src\share\vm\interpreter\linkResolver.cpp, line 1280]
Event: 17.399 Thread 0x000000001a77b000 Exception <a 'java/lang/NullPointerException'> (0x00000000d7056f38) thrown at [C:\re\workspace\8-2-build-windows-amd64-cygwin\jdk8u60\4407\hotspot\src\share\vm\interpreter\linkResolver.cpp, line 1280]
Event: 17.672 Thread 0x000000001a77b000 Exception <a 'java/lang/NullPointerException'> (0x00000000d705f318) thrown at [C:\re\workspace\8-2-build-windows-amd64-cygwin\jdk8u60\4407\hotspot\src\share\vm\interpreter\linkResolver.cpp, line 1280]
Event: 17.742 Thread 0x000000001a77b000 Exception <a 'java/lang/NullPointerException'> (0x00000000d70642a0) thrown at [C:\re\workspace\8-2-build-windows-amd64-cygwin\jdk8u60\4407\hotspot\src\share\vm\interpreter\linkResolver.cpp, line 1280]
Event: 22.893 Thread 0x000000001a77b000 Exception <a 'java/lang/NoSuchMethodError': <clinit>> (0x00000000d7107738) thrown at [C:\re\workspace\8-2-build-windows-amd64-cygwin\jdk8u60\4407\hotspot\src\share\vm\prims\jni.cpp, line 1591]
Event: 793.247 Thread 0x0000000019cfe000 Exception <a 'java/lang/IllegalStateException'> (0x00000000d7e50da8) thrown at [C:\re\workspace\8-2-build-windows-amd64-cygwin\jdk8u60\4407\hotspot\src\share\vm\prims\jvm.cpp, line 1390]

Events (10 events):
Event: 793.245 loading class java/util/IdentityHashMap$KeyIterator done
Event: 793.245 Thread 0x0000000019cfe000 Thread added: 0x0000000019cfe000
Event: 793.246 loading class com/sun/javafx/tk/quantum/QuantumRenderer
Event: 793.246 loading class com/sun/javafx/tk/quantum/QuantumRenderer done
Event: 793.247 loading class com/sun/javafx/tk/quantum/QuantumToolkit
Event: 793.247 loading class com/sun/javafx/tk/quantum/QuantumToolkit done
Event: 793.247 loading class java/util/LinkedList$ListItr
Event: 793.247 loading class java/util/LinkedList$ListItr done
Event: 793.247 Thread 0x0000000019cfe000 Thread exited: 0x0000000019cfe000
Event: 793.248 Executing VM operation: Exit


Dynamic libraries:
0x00007ff7e2b00000 - 0x00007ff7e2b37000 	C:\Program Files\Java\jre1.8.0_60\bin\javaw.exe
0x00007ff95e570000 - 0x00007ff95e71c000 	C:\WINDOWS\SYSTEM32\ntdll.dll
0x00007ff95cd80000 - 0x00007ff95cebe000 	C:\WINDOWS\system32\KERNEL32.DLL
0x00007ff95ba20000 - 0x00007ff95bb35000 	C:\WINDOWS\system32\KERNELBASE.dll
0x00007ff959fb0000 - 0x00007ff95a03e000 	C:\WINDOWS\system32\apphelp.dll
0x00007ff957650000 - 0x00007ff9576a3000 	C:\WINDOWS\AppPatch\AppPatch64\AcGenral.DLL
0x00007ff95c340000 - 0x00007ff95c3ea000 	C:\WINDOWS\system32\msvcrt.dll
0x00007ff95b480000 - 0x00007ff95b4ae000 	C:\WINDOWS\SYSTEM32\SspiCli.dll
0x00007ff95e4a0000 - 0x00007ff95e4f4000 	C:\WINDOWS\system32\SHLWAPI.dll
0x00007ff95c5c0000 - 0x00007ff95c737000 	C:\WINDOWS\system32\USER32.dll
0x00007ff95c740000 - 0x00007ff95c8d4000 	C:\WINDOWS\system32\ole32.dll
0x00007ff95cf70000 - 0x00007ff95e49b000 	C:\WINDOWS\system32\SHELL32.dll
0x00007ff95ac60000 - 0x00007ff95ac81000 	C:\WINDOWS\SYSTEM32\USERENV.dll
0x00007ff95cec0000 - 0x00007ff95cf6a000 	C:\WINDOWS\system32\ADVAPI32.dll
0x00007ff9587f0000 - 0x00007ff95880e000 	C:\WINDOWS\SYSTEM32\MPR.dll
0x00007ff95c410000 - 0x00007ff95c551000 	C:\WINDOWS\system32\RPCRT4.dll
0x00007ff95c9c0000 - 0x00007ff95ca19000 	C:\WINDOWS\SYSTEM32\sechost.dll
0x00007ff95bd50000 - 0x00007ff95bf61000 	C:\WINDOWS\SYSTEM32\combase.dll
0x00007ff95c040000 - 0x00007ff95c18f000 	C:\WINDOWS\system32\GDI32.dll
0x00007ff95b6c0000 - 0x00007ff95b6d5000 	C:\WINDOWS\SYSTEM32\profapi.dll
0x00007ff959ed0000 - 0x00007ff959f82000 	C:\WINDOWS\SYSTEM32\SHCORE.dll
0x00007ff95ccc0000 - 0x00007ff95ccf6000 	C:\WINDOWS\system32\IMM32.DLL
0x00007ff95bbf0000 - 0x00007ff95bd42000 	C:\WINDOWS\system32\MSCTF.dll
0x00007ff959a50000 - 0x00007ff959ccb000 	C:\WINDOWS\WinSxS\amd64_microsoft.windows.common-controls_6595b64144ccf1df_6.0.9600.18006_none_623f33d3ecbe86e8\COMCTL32.dll
0x000000006da20000 - 0x000000006daf2000 	C:\Program Files\Java\jre1.8.0_60\bin\msvcr100.dll
0x000000006c570000 - 0x000000006cdf9000 	C:\Program Files\Java\jre1.8.0_60\bin\server\jvm.dll
0x00007ff9534d0000 - 0x00007ff9534d9000 	C:\WINDOWS\SYSTEM32\WSOCK32.dll
0x00007ff957f70000 - 0x00007ff957f92000 	C:\WINDOWS\SYSTEM32\WINMM.dll
0x00007ff957fa0000 - 0x00007ff957faa000 	C:\WINDOWS\SYSTEM32\VERSION.dll
0x00007ff95c3f0000 - 0x00007ff95c3f7000 	C:\WINDOWS\system32\PSAPI.DLL
0x00007ff95e510000 - 0x00007ff95e56a000 	C:\WINDOWS\system32\WS2_32.dll
0x00007ff957ec0000 - 0x00007ff957eea000 	C:\WINDOWS\SYSTEM32\WINMMBASE.dll
0x00007ff95e500000 - 0x00007ff95e509000 	C:\WINDOWS\system32\NSI.dll
0x00007ff95b9d0000 - 0x00007ff95ba1f000 	C:\WINDOWS\SYSTEM32\cfgmgr32.dll
0x00007ff95a4c0000 - 0x00007ff95a4e8000 	C:\WINDOWS\SYSTEM32\DEVOBJ.dll
0x000000006f140000 - 0x000000006f14f000 	C:\Program Files\Java\jre1.8.0_60\bin\verify.dll
0x000000006d280000 - 0x000000006d2a9000 	C:\Program Files\Java\jre1.8.0_60\bin\java.dll
0x000000006c550000 - 0x000000006c566000 	C:\Program Files\Java\jre1.8.0_60\bin\zip.dll
0x00007ff957740000 - 0x00007ff95782f000 	C:\Program Files\Java\jre1.8.0_60\bin\msvcr120.dll
0x00007ff944a40000 - 0x00007ff944ae6000 	C:\Program Files\Java\jre1.8.0_60\bin\msvcp120.dll
0x000000006f190000 - 0x000000006f1b3000 	C:\Program Files\Java\jre1.8.0_60\bin\prism_d3d.dll
0x00007ff951240000 - 0x00007ff951461000 	C:\WINDOWS\system32\d3d9.dll
0x00007ff959cd0000 - 0x00007ff959cf1000 	C:\WINDOWS\SYSTEM32\dwmapi.dll
0x00007ff95a300000 - 0x00007ff95a429000 	C:\WINDOWS\system32\uxtheme.dll
0x00007ff958b60000 - 0x00007ff958c77000 	C:\WINDOWS\SYSTEM32\nvumdshimx.dll
0x00007ff95cae0000 - 0x00007ff95ccba000 	C:\WINDOWS\system32\SETUPAPI.dll
0x00007ff9591d0000 - 0x00007ff959201000 	C:\WINDOWS\system32\nvinitx.dll
0x0000000002980000 - 0x0000000002986000 	C:\Program Files\NVIDIA Corporation\CoProcManager\_etoured.dll
0x00007ff9590d0000 - 0x00007ff959102000 	C:\Program Files\NVIDIA Corporation\CoProcManager\nvd3d9wrapx.dll
0x00007ff9590a0000 - 0x00007ff9590c2000 	C:\Program Files\NVIDIA Corporation\CoProcManager\nvdxgiwrapx.dll
0x000000001b130000 - 0x000000001b181000 	C:\WINDOWS\system32\WINTRUST.dll
0x00007ff95b790000 - 0x00007ff95b96f000 	C:\WINDOWS\system32\CRYPT32.dll
0x00007ff95b770000 - 0x00007ff95b781000 	C:\WINDOWS\system32\MSASN1.dll
0x00007ff938680000 - 0x00007ff9390a9000 	C:\WINDOWS\system32\igdumdim64.dll
0x00007ff955d00000 - 0x00007ff95614a000 	C:\WINDOWS\SYSTEM32\igdusc64.dll
0x000000006de80000 - 0x000000006dec3000 	C:\Program Files\Java\jre1.8.0_60\bin\glass.dll
0x00007ff95ca20000 - 0x00007ff95cad6000 	C:\WINDOWS\system32\COMDLG32.dll
0x00007ff95bf70000 - 0x00007ff95c031000 	C:\WINDOWS\system32\OLEAUT32.dll
0x00007ff95a430000 - 0x00007ff95a43b000 	C:\WINDOWS\SYSTEM32\kernel.appcore.dll
0x00007ff95b530000 - 0x00007ff95b53b000 	C:\WINDOWS\SYSTEM32\CRYPTBASE.dll
0x00007ff95b4c0000 - 0x00007ff95b523000 	C:\WINDOWS\SYSTEM32\bcryptPrimitives.dll
0x000000006c530000 - 0x000000006c54a000 	C:\Program Files\Java\jre1.8.0_60\bin\net.dll
0x00007ff95aed0000 - 0x00007ff95af29000 	C:\WINDOWS\system32\mswsock.dll
0x000000006f170000 - 0x000000006f184000 	C:\Program Files\Java\jre1.8.0_60\bin\javafx_font.dll
0x00007ff957220000 - 0x00007ff95740c000 	C:\WINDOWS\SYSTEM32\dwrite.dll
0x00007ff95c900000 - 0x00007ff95c9b6000 	C:\WINDOWS\SYSTEM32\clbcatq.dll
0x00007ff946410000 - 0x00007ff9465be000 	C:\WINDOWS\SYSTEM32\WindowsCodecs.dll
0x00007ff95af30000 - 0x00007ff95af50000 	C:\WINDOWS\SYSTEM32\CRYPTSP.dll
0x00007ff95ab50000 - 0x00007ff95ab86000 	C:\WINDOWS\system32\rsaenh.dll
0x00007ff95b1a0000 - 0x00007ff95b1c6000 	C:\WINDOWS\SYSTEM32\bcrypt.dll
0x00007ff9585b0000 - 0x00007ff9585de000 	C:\Program Files\Common Files\Microsoft Shared\Ink\rtscom.dll
0x000000006f150000 - 0x000000006f161000 	C:\Program Files\Java\jre1.8.0_60\bin\prism_common.dll
0x00007ff958830000 - 0x00007ff9589b9000 	C:\WINDOWS\SYSTEM32\dbghelp.dll

VM Arguments:
jvm_args: -Dfile.encoding=Cp1252 
java_command: application.ClientGUI
java_class_path (initial): C:\Users\Pyornez\Documents\Korropol\auftragsmanagement\Auftragsmanagement_Client\bin;C:\Users\Pyornez\Documents\Korropol\auftragsmanagement\Auftragsmanagement_Client\libs\commons-lang3-3.4.jar;C:\Users\Pyornez\.eclipse\org.eclipse.platform_4.5.0_248562372_win32_win32_x86_64\plugins\org.eclipse.fx.ide.css.jfx8_2.1.0.201508240705.jar
Launcher Type: SUN_STANDARD

Environment Variables:
JAVA_HOME=C:\Program Files\Java\jdk1.8.0_60\bin
CLASSPATH=C:\Program Files\OpenNI\Bin64\org.OpenNI.jar
PATH=C:/Program Files/Java/jre1.8.0_60/bin/server;C:/Program Files/Java/jre1.8.0_60/bin;C:/Program Files/Java/jre1.8.0_60/lib/amd64;C:\ProgramData\Oracle\Java\javapath;C:\Python27\;C:\Python27\Scripts;C:\Program Files (x86)\Intel\iCLS Client\;C:\Program Files\Intel\iCLS Client\;C:\WINDOWS\system32;C:\WINDOWS;C:\WINDOWS\System32\Wbem;C:\WINDOWS\System32\WindowsPowerShell\v1.0\;C:\Program Files\Intel\Intel(R) Management Engine Components\DAL;C:\Program Files\Intel\Intel(R) Management Engine Components\IPT;C:\Program Files (x86)\Intel\Intel(R) Management Engine Components\DAL;C:\Program Files (x86)\Intel\Intel(R) Management Engine Components\IPT;C:\Program Files (x86)\Windows Live\Shared;C:\Program Files\Intel\WiFi\bin\;C:\Program Files\Common Files\Intel\WirelessCommon\;C:\Program Files\MiKTeX 2.9\miktex\bin\x64\;C:\Program Files\TortoiseSVN\bin;C:\Program Files\Java\jdk1.7.0_45\bin;C:\Program Files (x86)\Windows Kits\8.1\Windows Performance Toolkit\;C:\Program Files\Microsoft SQL Server\110\Tools\Binn\;C:\Program Files (x86)\Microsoft SDKs\TypeScript\1.0\;C:\Program Files\Microsoft SQL Server\120\Tools\Binn\;C:\Program Files\OpenNI\Bin64;C:\Program Files (x86)\NVIDIA Corporation\PhysX\Common;C:\Program Files (x86)\Skype\Phone\;%GSTREAMER_1_0_ROOT_X86%\bin;C:\OpenCV\opencv\build\x86\vc12\bin;C:\Program Files\Java\jdk1.8.0_60\bin;C:\Program Files (x86)\eclipse;
USERNAME=Pyornez
OS=Windows_NT
PROCESSOR_IDENTIFIER=Intel64 Family 6 Model 58 Stepping 9, GenuineIntel



---------------  S Y S T E M  ---------------

OS: Windows 8.1 , 64 bit Build 9600 (6.3.9600.17415)

CPU:total 8 (4 cores per cpu, 2 threads per core) family 6 model 58 stepping 9, cmov, cx8, fxsr, mmx, sse, sse2, sse3, ssse3, sse4.1, sse4.2, popcnt, avx, aes, clmul, erms, ht, tsc, tscinvbit, tscinv

Memory: 4k page, physical 8239552k(4719644k free), swap 9550272k(4892572k free)

vm_info: Java HotSpot(TM) 64-Bit Server VM (25.60-b23) for windows-amd64 JRE (1.8.0_60-b27), built on Aug  4 2015 11:06:27 by "java_re" with MS VC++ 10.0 (VS2010)

time: Mon Nov 16 05:48:59 2015
elapsed time: 793 seconds (0d 0h 13m 13s)

