#
# A fatal error has been detected by the Java Runtime Environment:
#
#  EXCEPTION_ACCESS_VIOLATION (0xc0000005) at pc=0x000000006ddc583a, pid=7388, tid=2444
#
# JRE version: Java(TM) SE Runtime Environment (8.0_60-b27) (build 1.8.0_60-b27)
# Java VM: Java HotSpot(TM) 64-Bit Server VM (25.60-b23 mixed mode windows-amd64 compressed oops)
# Problematic frame:
# C  [glass.dll+0x2583a]
#
# Failed to write core dump. Minidumps are not enabled by default on client versions of Windows
#
# If you would like to submit a bug report, please visit:
#   http://bugreport.java.com/bugreport/crash.jsp
#

---------------  T H R E A D  ---------------

Current thread (0x00000000179e9000):  VMThread [stack: 0x00000000196e0000,0x00000000197e0000] [id=2444]

siginfo: ExceptionCode=0xc0000005, reading address 0x0000000000000000

Registers:
RAX=0x0000000000000000, RBX=0x000000001a984a10, RCX=0x00000000179e9000, RDX=0x000000001a984a10
RSP=0x00000000197df4f0, RBP=0x0000000000e78c00, RSI=0x0000000000000001, RDI=0x0000000000000000
R8 =0x0000000000010002, R9 =0x0000000000e78c00, R10=0x0000000000000000, R11=0x0000000000000286
R12=0x0000000000e78c30, R13=0x0000000000e78c00, R14=0x0000000000e78c10, R15=0x0000000000000000
RIP=0x000000006ddc583a, EFLAGS=0x0000000000010206

Top of Stack: (sp=0x00000000197df4f0)
0x00000000197df4f0:   0000000000000000 000000006ddc58f0
0x00000000197df500:   0000000000000000 0000000000000000
0x00000000197df510:   000000006ddc5820 000000006ddc3214
0x00000000197df520:   000000006c53f3b8 00000000bda94729
0x00000000197df530:   0000000000e78c00 00007ff95b4c2d6b
0x00000000197df540:   000000006ddc3374 000000006dda0000
0x00000000197df550:   00000000029d1628 000000006ddc3496
0x00000000197df560:   0000000000000001 0000000017875400
0x00000000197df570:   0000000000000000 0000000000000000
0x00000000197df580:   c000000500000001 00000000197de680
0x00000000197df590:   0000000000000001 00007ff95e58c334
0x00000000197df5a0:   0000000000000000 000000006ddc3374
0x00000000197df5b0:   000000006dda0000 00007ff95e58d44f
0x00000000197df5c0:   000050469ee84456 0000000000e86eb0
0x00000000197df5d0:   00007ff95a431900 00007ff95e6a0d10
0x00000000197df5e0:   00007ff95e6a0d10 00007ff7e2994000 

Instructions: (pc=0x000000006ddc583a)
0x000000006ddc581a:   83 c4 20 5d c3 cc 40 53 48 83 ec 20 48 8b 1d db
0x000000006ddc582a:   5b 01 00 48 85 db 74 1a e8 29 93 ff ff 48 8b d3
0x000000006ddc583a:   4c 8b 00 48 8b c8 48 83 c4 20 5b 49 ff a0 b0 00
0x000000006ddc584a:   00 00 48 83 c4 20 5b c3 cc cc cc cc cc cc cc cc 


Register to memory mapping:

RAX=0x0000000000000000 is an unknown value
RBX=0x000000001a984a10 is a global jni handle
RCX=0x00000000179e9000 is an unknown value
RDX=0x000000001a984a10 is a global jni handle
RSP=0x00000000197df4f0 is an unknown value
RBP=0x0000000000e78c00 is an unknown value
RSI=0x0000000000000001 is an unknown value
RDI=0x0000000000000000 is an unknown value
R8 =0x0000000000010002 is an unknown value
R9 =0x0000000000e78c00 is an unknown value
R10=0x0000000000000000 is an unknown value
R11=0x0000000000000286 is an unknown value
R12=0x0000000000e78c30 is an unknown value
R13=0x0000000000e78c00 is an unknown value
R14=0x0000000000e78c10 is an unknown value
R15=0x0000000000000000 is an unknown value


Stack: [0x00000000196e0000,0x00000000197e0000],  sp=0x00000000197df4f0,  free space=1021k
Native frames: (J=compiled Java code, j=interpreted, Vv=VM code, C=native code)
C  [glass.dll+0x2583a]
C  [glass.dll+0x23214]
C  [glass.dll+0x23496]
C  [ntdll.dll+0x1c334]
C  [ntdll.dll+0x1b742]
C  [ntdll.dll+0x18448]
C  [KERNEL32.DLL+0x516a]
C  [msvcr100.dll+0x20ccd]
V  [jvm.dll+0x210a25]
V  [jvm.dll+0x249747]
V  [jvm.dll+0x2489e6]
V  [jvm.dll+0x248e81]
V  [jvm.dll+0x24909e]
V  [jvm.dll+0x299f6a]
C  [msvcr100.dll+0x21d9f]
C  [msvcr100.dll+0x21e3b]
C  [KERNEL32.DLL+0x13d2]
C  [ntdll.dll+0x15454]

VM_Operation (0x000000001b30abf0): Exit, mode: safepoint, requested by thread 0x000000001a776800


---------------  P R O C E S S  ---------------

Java Threads: ( => current thread )
  0x000000001aa40800 JavaThread "Prism Font Disposer" daemon [_thread_blocked, id=6316, stack(0x000000001ef10000,0x000000001f010000)]
  0x000000001a89e800 JavaThread "JavaFX-Launcher" [_thread_blocked, id=6060, stack(0x000000001cba0000,0x000000001cca0000)]
  0x000000001a8cb000 JavaThread "Thread-2" daemon [_thread_in_native, id=5132, stack(0x000000001caa0000,0x000000001cba0000)]
  0x000000001a776800 JavaThread "JavaFX Application Thread" [_thread_blocked, id=3644, stack(0x000000001b210000,0x000000001b310000)]
  0x000000001a776000 JavaThread "Thread-1" daemon [_thread_blocked, id=1708, stack(0x000000001b110000,0x000000001b210000)]
  0x000000001a742000 JavaThread "QuantumRenderer-0" daemon [_thread_blocked, id=2576, stack(0x000000001aef0000,0x000000001aff0000)]
  0x0000000019bb3800 JavaThread "Service Thread" daemon [_thread_blocked, id=7020, stack(0x000000001a4f0000,0x000000001a5f0000)]
  0x0000000019b2d000 JavaThread "C1 CompilerThread3" daemon [_thread_blocked, id=1568, stack(0x000000001a3f0000,0x000000001a4f0000)]
  0x0000000019b27800 JavaThread "C2 CompilerThread2" daemon [_thread_blocked, id=96, stack(0x000000001a2f0000,0x000000001a3f0000)]
  0x0000000019b20000 JavaThread "C2 CompilerThread1" daemon [_thread_blocked, id=5260, stack(0x000000001a1f0000,0x000000001a2f0000)]
  0x0000000019b19800 JavaThread "C2 CompilerThread0" daemon [_thread_blocked, id=1516, stack(0x000000001a0f0000,0x000000001a1f0000)]
  0x00000000179fc800 JavaThread "Attach Listener" daemon [_thread_blocked, id=6856, stack(0x0000000019ff0000,0x000000001a0f0000)]
  0x00000000179fb000 JavaThread "Signal Dispatcher" daemon [_thread_blocked, id=7592, stack(0x0000000019ef0000,0x0000000019ff0000)]
  0x0000000002adb000 JavaThread "Finalizer" daemon [_thread_blocked, id=7764, stack(0x00000000198e0000,0x00000000199e0000)]
  0x0000000002ad4000 JavaThread "Reference Handler" daemon [_thread_blocked, id=1212, stack(0x00000000197e0000,0x00000000198e0000)]
  0x00000000029de000 JavaThread "main" [_thread_blocked, id=6692, stack(0x0000000002830000,0x0000000002930000)]

Other Threads:
=>0x00000000179e9000 VMThread [stack: 0x00000000196e0000,0x00000000197e0000] [id=2444]

VM state:at safepoint (shutting down)

VM Mutex/Monitor currently owned by a thread:  ([mutex/lock_event])
[0x00000000029dd470] Threads_lock - owner thread: 0x00000000179e9000

Heap:
 PSYoungGen      total 37888K, used 21340K [0x00000000d6180000, 0x00000000d8b80000, 0x0000000100000000)
  eden space 32768K, 49% used [0x00000000d6180000,0x00000000d715b728,0x00000000d8180000)
  from space 5120K, 99% used [0x00000000d8180000,0x00000000d867ba60,0x00000000d8680000)
  to   space 5120K, 0% used [0x00000000d8680000,0x00000000d8680000,0x00000000d8b80000)
 ParOldGen       total 86016K, used 389K [0x0000000082400000, 0x0000000087800000, 0x00000000d6180000)
  object space 86016K, 0% used [0x0000000082400000,0x0000000082461500,0x0000000087800000)
 Metaspace       used 17213K, capacity 18260K, committed 18432K, reserved 1064960K
  class space    used 2523K, capacity 2772K, committed 2816K, reserved 1048576K

Card table byte_map: [0x0000000011ea0000,0x0000000012290000] byte_map_base: 0x0000000011a8e000

Marking Bits: (ParMarkBitMap*) 0x000000006cd7a5b0
 Begin Bits: [0x0000000012d30000, 0x0000000014ca0000)
 End Bits:   [0x0000000014ca0000, 0x0000000016c10000)

Polling page: 0x0000000000e30000

CodeCache: size=245760Kb used=7036Kb max_used=7036Kb free=238723Kb
 bounds [0x0000000002ae0000, 0x00000000031d0000, 0x0000000011ae0000]
 total_blobs=2877 nmethods=2211 adapters=578
 compilation: enabled

Compilation events (10 events):
Event: 87.193 Thread 0x0000000019b2d000 2212       3       java.util.WeakHashMap$Entry::getKey (8 bytes)
Event: 87.194 Thread 0x0000000019b2d000 nmethod 2212 0x00000000031c1210 code [0x00000000031c1380, 0x00000000031c1630]
Event: 87.194 Thread 0x0000000019b2d000 2213       3       java.util.WeakHashMap::unmaskNull (13 bytes)
Event: 87.194 Thread 0x0000000019b2d000 nmethod 2213 0x00000000031bdd90 code [0x00000000031bdee0, 0x00000000031be070]
Event: 87.194 Thread 0x0000000019b2d000 2214       1       java.util.WeakHashMap$Entry::getValue (5 bytes)
Event: 87.194 Thread 0x0000000019b2d000 nmethod 2214 0x00000000031c16d0 code [0x00000000031c1820, 0x00000000031c1930]
Event: 87.216 Thread 0x0000000019b2d000 2215       1       javafx.scene.input.PickResult::getIntersectedNode (5 bytes)
Event: 87.216 Thread 0x0000000019b2d000 nmethod 2215 0x00000000031c1990 code [0x00000000031c1ae0, 0x00000000031c1bf0]
Event: 87.221 Thread 0x0000000019b2d000 2216       1       javafx.event.Event::getTarget (5 bytes)
Event: 87.221 Thread 0x0000000019b2d000 nmethod 2216 0x00000000031c1c50 code [0x00000000031c1da0, 0x00000000031c1eb0]

GC Heap History (2 events):
Event: 2.150 GC heap before
{Heap before GC invocations=1 (full 0):
 PSYoungGen      total 37888K, used 32768K [0x00000000d6180000, 0x00000000d8b80000, 0x0000000100000000)
  eden space 32768K, 100% used [0x00000000d6180000,0x00000000d8180000,0x00000000d8180000)
  from space 5120K, 0% used [0x00000000d8680000,0x00000000d8680000,0x00000000d8b80000)
  to   space 5120K, 0% used [0x00000000d8180000,0x00000000d8180000,0x00000000d8680000)
 ParOldGen       total 86016K, used 0K [0x0000000082400000, 0x0000000087800000, 0x00000000d6180000)
  object space 86016K, 0% used [0x0000000082400000,0x0000000082400000,0x0000000087800000)
 Metaspace       used 15658K, capacity 16664K, committed 16768K, reserved 1062912K
  class space    used 2352K, capacity 2588K, committed 2688K, reserved 1048576K
Event: 2.163 GC heap after
Heap after GC invocations=1 (full 0):
 PSYoungGen      total 37888K, used 5102K [0x00000000d6180000, 0x00000000d8b80000, 0x0000000100000000)
  eden space 32768K, 0% used [0x00000000d6180000,0x00000000d6180000,0x00000000d8180000)
  from space 5120K, 99% used [0x00000000d8180000,0x00000000d867ba60,0x00000000d8680000)
  to   space 5120K, 0% used [0x00000000d8680000,0x00000000d8680000,0x00000000d8b80000)
 ParOldGen       total 86016K, used 389K [0x0000000082400000, 0x0000000087800000, 0x00000000d6180000)
  object space 86016K, 0% used [0x0000000082400000,0x0000000082461500,0x0000000087800000)
 Metaspace       used 15658K, capacity 16664K, committed 16768K, reserved 1062912K
  class space    used 2352K, capacity 2588K, committed 2688K, reserved 1048576K
}

Deoptimization events (10 events):
Event: 2.577 Thread 0x000000001a776800 Uncommon trap: reason=class_check action=maybe_recompile pc=0x0000000002fef2f4 method=javafx.beans.property.BooleanPropertyBase.get()Z @ 23
Event: 2.577 Thread 0x000000001a776800 Uncommon trap: reason=class_check action=maybe_recompile pc=0x0000000002fef2f4 method=javafx.beans.property.BooleanPropertyBase.get()Z @ 23
Event: 2.578 Thread 0x000000001a776800 Uncommon trap: reason=class_check action=maybe_recompile pc=0x0000000002fef2f4 method=javafx.beans.property.BooleanPropertyBase.get()Z @ 23
Event: 29.337 Thread 0x000000001a776800 Uncommon trap: reason=unstable_if action=reinterpret pc=0x000000000307727c method=javafx.scene.Node.impl_isDirty(Lcom/sun/javafx/scene/DirtyBits;)Z @ 12
Event: 78.887 Thread 0x000000001a776800 Uncommon trap: reason=null_check action=make_not_entrant pc=0x0000000002f6a270 method=com.sun.javafx.css.StyleManager.getCacheContainer(Ljavafx/css/Styleable;Ljavafx/scene/SubScene;)Lcom/sun/javafx/css/StyleManager$CacheContainer; @ 107
Event: 78.891 Thread 0x000000001a776800 Uncommon trap: reason=unstable_if action=reinterpret pc=0x000000000304ab54 method=java.lang.StrictMath.floorOrCeil(DDDD)D @ 38
Event: 78.894 Thread 0x000000001a776800 Uncommon trap: reason=null_check action=make_not_entrant pc=0x00000000031621a4 method=javafx.scene.CssStyleHelper.getCachedFont(Ljavafx/css/Styleable;)Lcom/sun/javafx/css/CalculatedValue; @ 1
Event: 87.114 Thread 0x000000001a8cb000 Uncommon trap: reason=unstable_if action=reinterpret pc=0x00000000031acf90 method=com.sun.javafx.tk.quantum.QuantumToolkit.postPulse()V @ 17
Event: 87.118 Thread 0x000000001a776800 Uncommon trap: reason=unstable_if action=reinterpret pc=0x0000000002d40168 method=jdk.internal.org.objectweb.asm.Type.getArgumentsAndReturnSizes(Ljava/lang/String;)I @ 47
Event: 87.130 Thread 0x000000001a8cb000 Uncommon trap: reason=unstable_if action=reinterpret pc=0x00000000031ad670 method=com.sun.javafx.tk.quantum.QuantumToolkit.postPulse()V @ 17

Internal exceptions (10 events):
Event: 0.317 Thread 0x00000000029de000 Exception <a 'java/security/PrivilegedActionException'> (0x00000000d64d6098) thrown at [C:\re\workspace\8-2-build-windows-amd64-cygwin\jdk8u60\4407\hotspot\src\share\vm\prims\jvm.cpp, line 1386]
Event: 0.319 Thread 0x00000000029de000 Exception <a 'java/security/PrivilegedActionException'> (0x00000000d64d9c40) thrown at [C:\re\workspace\8-2-build-windows-amd64-cygwin\jdk8u60\4407\hotspot\src\share\vm\prims\jvm.cpp, line 1386]
Event: 0.319 Thread 0x00000000029de000 Exception <a 'java/security/PrivilegedActionException'> (0x00000000d64d9e50) thrown at [C:\re\workspace\8-2-build-windows-amd64-cygwin\jdk8u60\4407\hotspot\src\share\vm\prims\jvm.cpp, line 1386]
Event: 0.319 Thread 0x00000000029de000 Exception <a 'java/lang/NullPointerException'> (0x00000000d64da428) thrown at [C:\re\workspace\8-2-build-windows-amd64-cygwin\jdk8u60\4407\hotspot\src\share\vm\interpreter\linkResolver.cpp, line 1178]
Event: 0.921 Thread 0x000000001a7ca000 Exception <a 'java/lang/NullPointerException'> (0x00000000d7027c48) thrown at [C:\re\workspace\8-2-build-windows-amd64-cygwin\jdk8u60\4407\hotspot\src\share\vm\interpreter\linkResolver.cpp, line 1178]
Event: 0.921 Thread 0x000000001a7ca000 Exception <a 'java/lang/NullPointerException'> (0x00000000d7027c48) thrown at [C:\re\workspace\8-2-build-windows-amd64-cygwin\jdk8u60\4407\hotspot\src\share\vm\prims\jvm.cpp, line 1390]
Event: 1.336 Thread 0x000000001a776800 Exception <a 'java/io/FileNotFoundException'> (0x00000000d7677500) thrown at [C:\re\workspace\8-2-build-windows-amd64-cygwin\jdk8u60\4407\hotspot\src\share\vm\prims\jni.cpp, line 709]
Event: 2.062 Thread 0x000000001a776800 Implicit null exception at 0x0000000002f06e6b to 0x0000000002f07329
Event: 78.894 Thread 0x000000001a776800 Implicit null exception at 0x00000000031592a0 to 0x0000000003162185
Event: 87.230 Thread 0x0000000019b6f800 Exception <a 'java/lang/IllegalStateException'> (0x00000000d7140eb8) thrown at [C:\re\workspace\8-2-build-windows-amd64-cygwin\jdk8u60\4407\hotspot\src\share\vm\prims\jvm.cpp, line 1390]

Events (10 events):
Event: 87.229 loading class com/sun/javafx/tk/quantum/QuantumRenderer
Event: 87.229 loading class com/sun/javafx/tk/quantum/QuantumRenderer done
Event: 87.230 loading class com/sun/javafx/tk/quantum/QuantumToolkit
Event: 87.230 loading class com/sun/javafx/tk/quantum/QuantumToolkit done
Event: 87.230 loading class java/util/LinkedList$ListItr
Event: 87.230 loading class java/util/LinkedList$ListItr done
Event: 87.231 Thread 0x0000000019b6f800 Thread exited: 0x0000000019b6f800
Event: 87.231 loading class com/sun/prism/ResourceFactoryListener
Event: 87.231 loading class com/sun/prism/ResourceFactoryListener done
Event: 87.231 Executing VM operation: Exit


Dynamic libraries:
0x00007ff7e2b00000 - 0x00007ff7e2b37000 	C:\Program Files\Java\jre1.8.0_60\bin\javaw.exe
0x00007ff95e570000 - 0x00007ff95e71c000 	C:\WINDOWS\SYSTEM32\ntdll.dll
0x00007ff95cd80000 - 0x00007ff95cebe000 	C:\WINDOWS\system32\KERNEL32.DLL
0x00007ff95ba20000 - 0x00007ff95bb35000 	C:\WINDOWS\system32\KERNELBASE.dll
0x00007ff959fb0000 - 0x00007ff95a03e000 	C:\WINDOWS\system32\apphelp.dll
0x00007ff957950000 - 0x00007ff9579a3000 	C:\WINDOWS\AppPatch\AppPatch64\AcGenral.DLL
0x00007ff95c340000 - 0x00007ff95c3ea000 	C:\WINDOWS\system32\msvcrt.dll
0x00007ff95b480000 - 0x00007ff95b4ae000 	C:\WINDOWS\SYSTEM32\SspiCli.dll
0x00007ff95e4a0000 - 0x00007ff95e4f4000 	C:\WINDOWS\system32\SHLWAPI.dll
0x00007ff95c5c0000 - 0x00007ff95c737000 	C:\WINDOWS\system32\USER32.dll
0x00007ff95c740000 - 0x00007ff95c8d4000 	C:\WINDOWS\system32\ole32.dll
0x00007ff95cf70000 - 0x00007ff95e49b000 	C:\WINDOWS\system32\SHELL32.dll
0x00007ff95ac60000 - 0x00007ff95ac81000 	C:\WINDOWS\SYSTEM32\USERENV.dll
0x00007ff95cec0000 - 0x00007ff95cf6a000 	C:\WINDOWS\system32\ADVAPI32.dll
0x00007ff9587f0000 - 0x00007ff95880e000 	C:\WINDOWS\SYSTEM32\MPR.dll
0x00007ff95c410000 - 0x00007ff95c551000 	C:\WINDOWS\system32\RPCRT4.dll
0x00007ff95c9c0000 - 0x00007ff95ca19000 	C:\WINDOWS\SYSTEM32\sechost.dll
0x00007ff95bd50000 - 0x00007ff95bf61000 	C:\WINDOWS\SYSTEM32\combase.dll
0x00007ff95c040000 - 0x00007ff95c18f000 	C:\WINDOWS\system32\GDI32.dll
0x00007ff95b6c0000 - 0x00007ff95b6d5000 	C:\WINDOWS\SYSTEM32\profapi.dll
0x00007ff959ed0000 - 0x00007ff959f82000 	C:\WINDOWS\SYSTEM32\SHCORE.dll
0x00007ff95ccc0000 - 0x00007ff95ccf6000 	C:\WINDOWS\system32\IMM32.DLL
0x00007ff95bbf0000 - 0x00007ff95bd42000 	C:\WINDOWS\system32\MSCTF.dll
0x00007ff959a50000 - 0x00007ff959ccb000 	C:\WINDOWS\WinSxS\amd64_microsoft.windows.common-controls_6595b64144ccf1df_6.0.9600.18006_none_623f33d3ecbe86e8\COMCTL32.dll
0x000000006ddf0000 - 0x000000006dec2000 	C:\Program Files\Java\jre1.8.0_60\bin\msvcr100.dll
0x000000006c570000 - 0x000000006cdf9000 	C:\Program Files\Java\jre1.8.0_60\bin\server\jvm.dll
0x00007ff9534d0000 - 0x00007ff9534d9000 	C:\WINDOWS\SYSTEM32\WSOCK32.dll
0x00007ff957f70000 - 0x00007ff957f92000 	C:\WINDOWS\SYSTEM32\WINMM.dll
0x00007ff957fa0000 - 0x00007ff957faa000 	C:\WINDOWS\SYSTEM32\VERSION.dll
0x00007ff95c3f0000 - 0x00007ff95c3f7000 	C:\WINDOWS\system32\PSAPI.DLL
0x00007ff95e510000 - 0x00007ff95e56a000 	C:\WINDOWS\system32\WS2_32.dll
0x00007ff957ec0000 - 0x00007ff957eea000 	C:\WINDOWS\SYSTEM32\WINMMBASE.dll
0x00007ff95e500000 - 0x00007ff95e509000 	C:\WINDOWS\system32\NSI.dll
0x00007ff95b9d0000 - 0x00007ff95ba1f000 	C:\WINDOWS\SYSTEM32\cfgmgr32.dll
0x00007ff95a4c0000 - 0x00007ff95a4e8000 	C:\WINDOWS\SYSTEM32\DEVOBJ.dll
0x000000006f140000 - 0x000000006f14f000 	C:\Program Files\Java\jre1.8.0_60\bin\verify.dll
0x000000006d280000 - 0x000000006d2a9000 	C:\Program Files\Java\jre1.8.0_60\bin\java.dll
0x000000006c550000 - 0x000000006c566000 	C:\Program Files\Java\jre1.8.0_60\bin\zip.dll
0x00007ff957740000 - 0x00007ff95782f000 	C:\Program Files\Java\jre1.8.0_60\bin\msvcr120.dll
0x00007ff946020000 - 0x00007ff9460c6000 	C:\Program Files\Java\jre1.8.0_60\bin\msvcp120.dll
0x000000006f190000 - 0x000000006f1b3000 	C:\Program Files\Java\jre1.8.0_60\bin\prism_d3d.dll
0x00007ff951240000 - 0x00007ff951461000 	C:\WINDOWS\system32\d3d9.dll
0x00007ff959cd0000 - 0x00007ff959cf1000 	C:\WINDOWS\SYSTEM32\dwmapi.dll
0x00007ff95a300000 - 0x00007ff95a429000 	C:\WINDOWS\system32\uxtheme.dll
0x00007ff958b60000 - 0x00007ff958c77000 	C:\WINDOWS\SYSTEM32\nvumdshimx.dll
0x00007ff95cae0000 - 0x00007ff95ccba000 	C:\WINDOWS\system32\SETUPAPI.dll
0x00007ff9591d0000 - 0x00007ff959201000 	C:\WINDOWS\system32\nvinitx.dll
0x00000000027f0000 - 0x00000000027f6000 	C:\Program Files\NVIDIA Corporation\CoProcManager\_etoured.dll
0x00007ff9590d0000 - 0x00007ff959102000 	C:\Program Files\NVIDIA Corporation\CoProcManager\nvd3d9wrapx.dll
0x00007ff9590a0000 - 0x00007ff9590c2000 	C:\Program Files\NVIDIA Corporation\CoProcManager\nvdxgiwrapx.dll
0x0000000002930000 - 0x0000000002981000 	C:\WINDOWS\system32\WINTRUST.dll
0x00007ff95b790000 - 0x00007ff95b96f000 	C:\WINDOWS\system32\CRYPT32.dll
0x00007ff95b770000 - 0x00007ff95b781000 	C:\WINDOWS\system32\MSASN1.dll
0x00007ff938680000 - 0x00007ff9390a9000 	C:\WINDOWS\system32\igdumdim64.dll
0x00007ff955d00000 - 0x00007ff95614a000 	C:\WINDOWS\SYSTEM32\igdusc64.dll
0x000000006dda0000 - 0x000000006dde3000 	C:\Program Files\Java\jre1.8.0_60\bin\glass.dll
0x00007ff95ca20000 - 0x00007ff95cad6000 	C:\WINDOWS\system32\COMDLG32.dll
0x00007ff95bf70000 - 0x00007ff95c031000 	C:\WINDOWS\system32\OLEAUT32.dll
0x00007ff95a430000 - 0x00007ff95a43b000 	C:\WINDOWS\SYSTEM32\kernel.appcore.dll
0x00007ff95b530000 - 0x00007ff95b53b000 	C:\WINDOWS\SYSTEM32\CRYPTBASE.dll
0x00007ff95b4c0000 - 0x00007ff95b523000 	C:\WINDOWS\SYSTEM32\bcryptPrimitives.dll
0x000000006c530000 - 0x000000006c54a000 	C:\Program Files\Java\jre1.8.0_60\bin\net.dll
0x00007ff95aed0000 - 0x00007ff95af29000 	C:\WINDOWS\system32\mswsock.dll
0x000000006f170000 - 0x000000006f184000 	C:\Program Files\Java\jre1.8.0_60\bin\javafx_font.dll
0x00007ff957220000 - 0x00007ff95740c000 	C:\WINDOWS\SYSTEM32\dwrite.dll
0x00007ff95c900000 - 0x00007ff95c9b6000 	C:\WINDOWS\SYSTEM32\clbcatq.dll
0x00007ff946410000 - 0x00007ff9465be000 	C:\WINDOWS\SYSTEM32\WindowsCodecs.dll
0x00007ff95af30000 - 0x00007ff95af50000 	C:\WINDOWS\SYSTEM32\CRYPTSP.dll
0x00007ff95ab50000 - 0x00007ff95ab86000 	C:\WINDOWS\system32\rsaenh.dll
0x00007ff95b1a0000 - 0x00007ff95b1c6000 	C:\WINDOWS\SYSTEM32\bcrypt.dll
0x00007ff958f00000 - 0x00007ff958f2e000 	C:\Program Files\Common Files\Microsoft Shared\Ink\rtscom.dll
0x000000006f150000 - 0x000000006f161000 	C:\Program Files\Java\jre1.8.0_60\bin\prism_common.dll
0x00007ff958830000 - 0x00007ff9589b9000 	C:\WINDOWS\SYSTEM32\dbghelp.dll

VM Arguments:
jvm_args: -Dfile.encoding=Cp1252 
java_command: application.ClientGUI
java_class_path (initial): C:\Users\Pyornez\Documents\Korropol\auftragsmanagement\Auftragsmanagement_Client\bin;C:\Users\Pyornez\Documents\Korropol\auftragsmanagement\Auftragsmanagement_Client\libs\commons-lang3-3.4.jar;C:\Users\Pyornez\.eclipse\org.eclipse.platform_4.5.0_248562372_win32_win32_x86_64\plugins\org.eclipse.fx.ide.css.jfx8_2.1.0.201508240705.jar
Launcher Type: SUN_STANDARD

Environment Variables:
JAVA_HOME=C:\Program Files\Java\jdk1.8.0_60\bin
CLASSPATH=C:\Program Files\OpenNI\Bin64\org.OpenNI.jar
PATH=C:/Program Files/Java/jre1.8.0_60/bin/server;C:/Program Files/Java/jre1.8.0_60/bin;C:/Program Files/Java/jre1.8.0_60/lib/amd64;C:\ProgramData\Oracle\Java\javapath;C:\Python27\;C:\Python27\Scripts;C:\Program Files (x86)\Intel\iCLS Client\;C:\Program Files\Intel\iCLS Client\;C:\WINDOWS\system32;C:\WINDOWS;C:\WINDOWS\System32\Wbem;C:\WINDOWS\System32\WindowsPowerShell\v1.0\;C:\Program Files\Intel\Intel(R) Management Engine Components\DAL;C:\Program Files\Intel\Intel(R) Management Engine Components\IPT;C:\Program Files (x86)\Intel\Intel(R) Management Engine Components\DAL;C:\Program Files (x86)\Intel\Intel(R) Management Engine Components\IPT;C:\Program Files (x86)\Windows Live\Shared;C:\Program Files\Intel\WiFi\bin\;C:\Program Files\Common Files\Intel\WirelessCommon\;C:\Program Files\MiKTeX 2.9\miktex\bin\x64\;C:\Program Files\TortoiseSVN\bin;C:\Program Files\Java\jdk1.7.0_45\bin;C:\Program Files (x86)\Windows Kits\8.1\Windows Performance Toolkit\;C:\Program Files\Microsoft SQL Server\110\Tools\Binn\;C:\Program Files (x86)\Microsoft SDKs\TypeScript\1.0\;C:\Program Files\Microsoft SQL Server\120\Tools\Binn\;C:\Program Files\OpenNI\Bin64;C:\Program Files (x86)\NVIDIA Corporation\PhysX\Common;C:\Program Files (x86)\Skype\Phone\;%GSTREAMER_1_0_ROOT_X86%\bin;C:\OpenCV\opencv\build\x86\vc12\bin;C:\Program Files\Java\jdk1.8.0_60\bin;C:\Program Files (x86)\eclipse;
USERNAME=Pyornez
OS=Windows_NT
PROCESSOR_IDENTIFIER=Intel64 Family 6 Model 58 Stepping 9, GenuineIntel



---------------  S Y S T E M  ---------------

OS: Windows 8.1 , 64 bit Build 9600 (6.3.9600.17415)

CPU:total 8 (4 cores per cpu, 2 threads per core) family 6 model 58 stepping 9, cmov, cx8, fxsr, mmx, sse, sse2, sse3, ssse3, sse4.1, sse4.2, popcnt, avx, aes, clmul, erms, ht, tsc, tscinvbit, tscinv

Memory: 4k page, physical 8239552k(4987364k free), swap 9550272k(5155956k free)

vm_info: Java HotSpot(TM) 64-Bit Server VM (25.60-b23) for windows-amd64 JRE (1.8.0_60-b27), built on Aug  4 2015 11:06:27 by "java_re" with MS VC++ 10.0 (VS2010)

time: Mon Nov 16 05:31:43 2015
elapsed time: 87 seconds (0d 0h 1m 27s)

